{"/home/alessandro/Desktop/SE2022-2023-Marostica-Masellis-Marchini/server/server.js": {"path":"/home/alessandro/Desktop/SE2022-2023-Marostica-Masellis-Marchini/server/server.js","statementMap":{"0":{"start":{"line":2,"column":0},"end":{"line":2,"column":27}},"1":{"start":{"line":3,"column":13},"end":{"line":3,"column":30}},"2":{"start":{"line":4,"column":16},"end":{"line":4,"column":34}},"3":{"start":{"line":5,"column":19},"end":{"line":5,"column":48}},"4":{"start":{"line":6,"column":17},"end":{"line":6,"column":36}},"5":{"start":{"line":7,"column":12},"end":{"line":7,"column":21}},"6":{"start":{"line":8,"column":18},"end":{"line":8,"column":47}},"7":{"start":{"line":10,"column":24},"end":{"line":10,"column":51}},"8":{"start":{"line":11,"column":19},"end":{"line":11,"column":43}},"9":{"start":{"line":12,"column":13},"end":{"line":12,"column":28}},"10":{"start":{"line":15,"column":0},"end":{"line":15,"column":24}},"11":{"start":{"line":16,"column":0},"end":{"line":16,"column":24}},"12":{"start":{"line":17,"column":0},"end":{"line":20,"column":4}},"13":{"start":{"line":21,"column":0},"end":{"line":21,"column":38}},"14":{"start":{"line":22,"column":0},"end":{"line":22,"column":22}},"15":{"start":{"line":26,"column":4},"end":{"line":34,"column":5}},"16":{"start":{"line":27,"column":8},"end":{"line":30,"column":10}},"17":{"start":{"line":31,"column":8},"end":{"line":31,"column":94}},"18":{"start":{"line":33,"column":8},"end":{"line":33,"column":59}},"19":{"start":{"line":36,"column":0},"end":{"line":36,"column":20}},"20":{"start":{"line":38,"column":0},"end":{"line":40,"column":3}},"21":{"start":{"line":39,"column":4},"end":{"line":39,"column":65}},"22":{"start":{"line":42,"column":15},"end":{"line":44,"column":2}},"23":{"start":{"line":43,"column":4},"end":{"line":43,"column":61}},"24":{"start":{"line":47,"column":19},"end":{"line":47,"column":43}},"25":{"start":{"line":48,"column":21},"end":{"line":48,"column":47}},"26":{"start":{"line":49,"column":28},"end":{"line":49,"column":61}},"27":{"start":{"line":50,"column":31},"end":{"line":50,"column":67}},"28":{"start":{"line":51,"column":21},"end":{"line":51,"column":47}},"29":{"start":{"line":54,"column":0},"end":{"line":54,"column":98}},"30":{"start":{"line":55,"column":0},"end":{"line":55,"column":72}},"31":{"start":{"line":57,"column":0},"end":{"line":57,"column":24}}},"fnMap":{"0":{"name":"connectToDatabase","decl":{"start":{"line":25,"column":15},"end":{"line":25,"column":32}},"loc":{"start":{"line":25,"column":35},"end":{"line":35,"column":1}},"line":25},"1":{"name":"(anonymous_1)","decl":{"start":{"line":38,"column":13},"end":{"line":38,"column":14}},"loc":{"start":{"line":38,"column":27},"end":{"line":40,"column":1}},"line":38},"2":{"name":"(anonymous_2)","decl":{"start":{"line":42,"column":44},"end":{"line":42,"column":45}},"loc":{"start":{"line":42,"column":50},"end":{"line":44,"column":1}},"line":42}},"branchMap":{},"s":{"0":2,"1":2,"2":2,"3":2,"4":2,"5":2,"6":2,"7":2,"8":2,"9":2,"10":2,"11":2,"12":2,"13":2,"14":2,"15":2,"16":2,"17":2,"18":0,"19":2,"20":2,"21":0,"22":2,"23":2,"24":2,"25":2,"26":2,"27":2,"28":2,"29":2,"30":2,"31":2},"f":{"0":2,"1":0,"2":2},"b":{},"_coverageSchema":"1a1c01bbd47fc00a2c39e90264f33305004495a9","hash":"bd133e0aba69b40da7797d4e756ed49d3c04d5be"}
,"/home/alessandro/Desktop/SE2022-2023-Marostica-Masellis-Marchini/server/controllers/commento_post.js": {"path":"/home/alessandro/Desktop/SE2022-2023-Marostica-Masellis-Marchini/server/controllers/commento_post.js","statementMap":{"0":{"start":{"line":2,"column":22},"end":{"line":2,"column":56}},"1":{"start":{"line":3,"column":15},"end":{"line":3,"column":42}},"2":{"start":{"line":4,"column":13},"end":{"line":4,"column":38}},"3":{"start":{"line":7,"column":23},"end":{"line":7,"column":38}},"4":{"start":{"line":10,"column":25},"end":{"line":44,"column":1}},"5":{"start":{"line":12,"column":4},"end":{"line":12,"column":26}},"6":{"start":{"line":13,"column":4},"end":{"line":13,"column":48}},"7":{"start":{"line":16,"column":29},"end":{"line":22,"column":6}},"8":{"start":{"line":25,"column":4},"end":{"line":43,"column":6}},"9":{"start":{"line":27,"column":8},"end":{"line":29,"column":9}},"10":{"start":{"line":28,"column":12},"end":{"line":28,"column":42}},"11":{"start":{"line":31,"column":8},"end":{"line":31,"column":42}},"12":{"start":{"line":32,"column":8},"end":{"line":32,"column":34}},"13":{"start":{"line":33,"column":8},"end":{"line":33,"column":42}},"14":{"start":{"line":35,"column":8},"end":{"line":35,"column":20}},"15":{"start":{"line":38,"column":8},"end":{"line":42,"column":11}},"16":{"start":{"line":39,"column":12},"end":{"line":39,"column":51}},"17":{"start":{"line":39,"column":21},"end":{"line":39,"column":51}},"18":{"start":{"line":41,"column":12},"end":{"line":41,"column":69}},"19":{"start":{"line":47,"column":25},"end":{"line":70,"column":1}},"20":{"start":{"line":49,"column":25},"end":{"line":49,"column":38}},"21":{"start":{"line":50,"column":18},"end":{"line":50,"column":38}},"22":{"start":{"line":52,"column":4},"end":{"line":52,"column":74}},"23":{"start":{"line":55,"column":4},"end":{"line":69,"column":7}},"24":{"start":{"line":57,"column":8},"end":{"line":59,"column":9}},"25":{"start":{"line":58,"column":12},"end":{"line":58,"column":42}},"26":{"start":{"line":62,"column":8},"end":{"line":64,"column":9}},"27":{"start":{"line":63,"column":12},"end":{"line":63,"column":75}},"28":{"start":{"line":67,"column":8},"end":{"line":67,"column":91}},"29":{"start":{"line":68,"column":8},"end":{"line":68,"column":46}},"30":{"start":{"line":73,"column":25},"end":{"line":93,"column":1}},"31":{"start":{"line":75,"column":19},"end":{"line":75,"column":37}},"32":{"start":{"line":78,"column":4},"end":{"line":92,"column":7}},"33":{"start":{"line":80,"column":8},"end":{"line":82,"column":9}},"34":{"start":{"line":81,"column":12},"end":{"line":81,"column":42}},"35":{"start":{"line":84,"column":23},"end":{"line":84,"column":25}},"36":{"start":{"line":86,"column":8},"end":{"line":88,"column":11}},"37":{"start":{"line":87,"column":12},"end":{"line":87,"column":36}},"38":{"start":{"line":91,"column":8},"end":{"line":91,"column":44}},"39":{"start":{"line":96,"column":28},"end":{"line":156,"column":1}},"40":{"start":{"line":98,"column":22},"end":{"line":98,"column":35}},"41":{"start":{"line":100,"column":4},"end":{"line":100,"column":60}},"42":{"start":{"line":102,"column":21},"end":{"line":102,"column":38}},"43":{"start":{"line":103,"column":18},"end":{"line":103,"column":40}},"44":{"start":{"line":106,"column":4},"end":{"line":155,"column":6}},"45":{"start":{"line":108,"column":8},"end":{"line":154,"column":9}},"46":{"start":{"line":109,"column":12},"end":{"line":109,"column":21}},"47":{"start":{"line":111,"column":26},"end":{"line":111,"column":43}},"48":{"start":{"line":114,"column":12},"end":{"line":153,"column":14}},"49":{"start":{"line":116,"column":16},"end":{"line":152,"column":17}},"50":{"start":{"line":117,"column":20},"end":{"line":117,"column":29}},"51":{"start":{"line":120,"column":20},"end":{"line":122,"column":21}},"52":{"start":{"line":121,"column":24},"end":{"line":121,"column":90}},"53":{"start":{"line":125,"column":20},"end":{"line":151,"column":22}},"54":{"start":{"line":127,"column":24},"end":{"line":150,"column":25}},"55":{"start":{"line":128,"column":28},"end":{"line":128,"column":37}},"56":{"start":{"line":130,"column":28},"end":{"line":130,"column":93}},"57":{"start":{"line":132,"column":28},"end":{"line":132,"column":106}},"58":{"start":{"line":135,"column":28},"end":{"line":135,"column":76}},"59":{"start":{"line":136,"column":28},"end":{"line":136,"column":42}},"60":{"start":{"line":139,"column":28},"end":{"line":146,"column":30}},"61":{"start":{"line":141,"column":32},"end":{"line":143,"column":33}},"62":{"start":{"line":142,"column":36},"end":{"line":142,"column":53}},"63":{"start":{"line":144,"column":32},"end":{"line":144,"column":58}},"64":{"start":{"line":145,"column":32},"end":{"line":145,"column":44}},"65":{"start":{"line":149,"column":28},"end":{"line":149,"column":75}},"66":{"start":{"line":159,"column":29},"end":{"line":185,"column":1}},"67":{"start":{"line":161,"column":22},"end":{"line":161,"column":33}},"68":{"start":{"line":162,"column":16},"end":{"line":162,"column":33}},"69":{"start":{"line":164,"column":4},"end":{"line":164,"column":60}},"70":{"start":{"line":167,"column":4},"end":{"line":184,"column":7}},"71":{"start":{"line":169,"column":8},"end":{"line":171,"column":9}},"72":{"start":{"line":170,"column":12},"end":{"line":170,"column":42}},"73":{"start":{"line":174,"column":8},"end":{"line":176,"column":9}},"74":{"start":{"line":175,"column":12},"end":{"line":175,"column":77}},"75":{"start":{"line":179,"column":8},"end":{"line":179,"column":30}},"76":{"start":{"line":180,"column":8},"end":{"line":180,"column":20}},"77":{"start":{"line":183,"column":8},"end":{"line":183,"column":55}},"78":{"start":{"line":188,"column":30},"end":{"line":225,"column":1}},"79":{"start":{"line":190,"column":22},"end":{"line":190,"column":33}},"80":{"start":{"line":191,"column":18},"end":{"line":191,"column":32}},"81":{"start":{"line":192,"column":21},"end":{"line":192,"column":38}},"82":{"start":{"line":194,"column":16},"end":{"line":194,"column":33}},"83":{"start":{"line":197,"column":4},"end":{"line":224,"column":6}},"84":{"start":{"line":199,"column":8},"end":{"line":201,"column":9}},"85":{"start":{"line":200,"column":12},"end":{"line":200,"column":42}},"86":{"start":{"line":203,"column":8},"end":{"line":203,"column":39}},"87":{"start":{"line":206,"column":8},"end":{"line":223,"column":10}},"88":{"start":{"line":208,"column":12},"end":{"line":210,"column":13}},"89":{"start":{"line":209,"column":16},"end":{"line":209,"column":46}},"90":{"start":{"line":213,"column":12},"end":{"line":215,"column":13}},"91":{"start":{"line":214,"column":16},"end":{"line":214,"column":82}},"92":{"start":{"line":218,"column":12},"end":{"line":218,"column":35}},"93":{"start":{"line":219,"column":12},"end":{"line":219,"column":28}},"94":{"start":{"line":222,"column":12},"end":{"line":222,"column":73}},"95":{"start":{"line":228,"column":28},"end":{"line":285,"column":1}},"96":{"start":{"line":230,"column":22},"end":{"line":230,"column":33}},"97":{"start":{"line":231,"column":21},"end":{"line":231,"column":38}},"98":{"start":{"line":232,"column":24},"end":{"line":232,"column":44}},"99":{"start":{"line":233,"column":16},"end":{"line":233,"column":33}},"100":{"start":{"line":236,"column":4},"end":{"line":284,"column":6}},"101":{"start":{"line":238,"column":8},"end":{"line":240,"column":9}},"102":{"start":{"line":239,"column":12},"end":{"line":239,"column":42}},"103":{"start":{"line":243,"column":8},"end":{"line":245,"column":9}},"104":{"start":{"line":244,"column":12},"end":{"line":244,"column":75}},"105":{"start":{"line":248,"column":8},"end":{"line":250,"column":9}},"106":{"start":{"line":249,"column":12},"end":{"line":249,"column":77}},"107":{"start":{"line":254,"column":36},"end":{"line":254,"column":66}},"108":{"start":{"line":255,"column":8},"end":{"line":255,"column":68}},"109":{"start":{"line":255,"column":42},"end":{"line":255,"column":68}},"110":{"start":{"line":258,"column":8},"end":{"line":258,"column":52}},"111":{"start":{"line":259,"column":32},"end":{"line":259,"column":67}},"112":{"start":{"line":260,"column":8},"end":{"line":260,"column":50}},"113":{"start":{"line":262,"column":8},"end":{"line":262,"column":53}},"114":{"start":{"line":265,"column":8},"end":{"line":283,"column":10}},"115":{"start":{"line":266,"column":12},"end":{"line":268,"column":13}},"116":{"start":{"line":267,"column":16},"end":{"line":267,"column":46}},"117":{"start":{"line":271,"column":12},"end":{"line":273,"column":13}},"118":{"start":{"line":272,"column":16},"end":{"line":272,"column":92}},"119":{"start":{"line":276,"column":12},"end":{"line":276,"column":48}},"120":{"start":{"line":278,"column":12},"end":{"line":278,"column":26}},"121":{"start":{"line":279,"column":12},"end":{"line":279,"column":24}},"122":{"start":{"line":282,"column":12},"end":{"line":282,"column":121}},"123":{"start":{"line":287,"column":0},"end":{"line":287,"column":161}}},"fnMap":{"0":{"name":"(anonymous_0)","decl":{"start":{"line":10,"column":25},"end":{"line":10,"column":26}},"loc":{"start":{"line":10,"column":45},"end":{"line":44,"column":1}},"line":10},"1":{"name":"(anonymous_1)","decl":{"start":{"line":25,"column":43},"end":{"line":25,"column":44}},"loc":{"start":{"line":25,"column":58},"end":{"line":43,"column":5}},"line":25},"2":{"name":"(anonymous_2)","decl":{"start":{"line":38,"column":30},"end":{"line":38,"column":31}},"loc":{"start":{"line":38,"column":45},"end":{"line":42,"column":9}},"line":38},"3":{"name":"(anonymous_3)","decl":{"start":{"line":47,"column":25},"end":{"line":47,"column":26}},"loc":{"start":{"line":47,"column":39},"end":{"line":70,"column":1}},"line":47},"4":{"name":"(anonymous_4)","decl":{"start":{"line":55,"column":33},"end":{"line":55,"column":34}},"loc":{"start":{"line":55,"column":52},"end":{"line":69,"column":5}},"line":55},"5":{"name":"(anonymous_5)","decl":{"start":{"line":73,"column":25},"end":{"line":73,"column":26}},"loc":{"start":{"line":73,"column":39},"end":{"line":93,"column":1}},"line":73},"6":{"name":"(anonymous_6)","decl":{"start":{"line":78,"column":44},"end":{"line":78,"column":45}},"loc":{"start":{"line":78,"column":59},"end":{"line":92,"column":5}},"line":78},"7":{"name":"(anonymous_7)","decl":{"start":{"line":86,"column":21},"end":{"line":86,"column":22}},"loc":{"start":{"line":86,"column":32},"end":{"line":88,"column":9}},"line":86},"8":{"name":"(anonymous_8)","decl":{"start":{"line":96,"column":28},"end":{"line":96,"column":29}},"loc":{"start":{"line":96,"column":42},"end":{"line":156,"column":1}},"line":96},"9":{"name":"(anonymous_9)","decl":{"start":{"line":106,"column":26},"end":{"line":106,"column":27}},"loc":{"start":{"line":106,"column":43},"end":{"line":155,"column":5}},"line":106},"10":{"name":"(anonymous_10)","decl":{"start":{"line":114,"column":41},"end":{"line":114,"column":42}},"loc":{"start":{"line":114,"column":60},"end":{"line":153,"column":13}},"line":114},"11":{"name":"(anonymous_11)","decl":{"start":{"line":125,"column":51},"end":{"line":125,"column":52}},"loc":{"start":{"line":125,"column":72},"end":{"line":151,"column":21}},"line":125},"12":{"name":"(anonymous_12)","decl":{"start":{"line":139,"column":67},"end":{"line":139,"column":68}},"loc":{"start":{"line":139,"column":82},"end":{"line":146,"column":29}},"line":139},"13":{"name":"(anonymous_13)","decl":{"start":{"line":159,"column":29},"end":{"line":159,"column":30}},"loc":{"start":{"line":159,"column":43},"end":{"line":185,"column":1}},"line":159},"14":{"name":"(anonymous_14)","decl":{"start":{"line":167,"column":33},"end":{"line":167,"column":34}},"loc":{"start":{"line":167,"column":47},"end":{"line":184,"column":5}},"line":167},"15":{"name":"(anonymous_15)","decl":{"start":{"line":188,"column":30},"end":{"line":188,"column":31}},"loc":{"start":{"line":188,"column":44},"end":{"line":225,"column":1}},"line":188},"16":{"name":"(anonymous_16)","decl":{"start":{"line":197,"column":33},"end":{"line":197,"column":34}},"loc":{"start":{"line":197,"column":52},"end":{"line":224,"column":5}},"line":197},"17":{"name":"(anonymous_17)","decl":{"start":{"line":206,"column":30},"end":{"line":206,"column":31}},"loc":{"start":{"line":206,"column":47},"end":{"line":223,"column":9}},"line":206},"18":{"name":"(anonymous_18)","decl":{"start":{"line":228,"column":28},"end":{"line":228,"column":29}},"loc":{"start":{"line":228,"column":42},"end":{"line":285,"column":1}},"line":228},"19":{"name":"(anonymous_19)","decl":{"start":{"line":236,"column":33},"end":{"line":236,"column":34}},"loc":{"start":{"line":236,"column":47},"end":{"line":284,"column":5}},"line":236},"20":{"name":"(anonymous_20)","decl":{"start":{"line":265,"column":30},"end":{"line":265,"column":31}},"loc":{"start":{"line":265,"column":47},"end":{"line":283,"column":9}},"line":265}},"branchMap":{"0":{"loc":{"start":{"line":27,"column":8},"end":{"line":29,"column":9}},"type":"if","locations":[{"start":{"line":27,"column":8},"end":{"line":29,"column":9}},{"start":{},"end":{}}],"line":27},"1":{"loc":{"start":{"line":39,"column":12},"end":{"line":39,"column":51}},"type":"if","locations":[{"start":{"line":39,"column":12},"end":{"line":39,"column":51}},{"start":{},"end":{}}],"line":39},"2":{"loc":{"start":{"line":57,"column":8},"end":{"line":59,"column":9}},"type":"if","locations":[{"start":{"line":57,"column":8},"end":{"line":59,"column":9}},{"start":{},"end":{}}],"line":57},"3":{"loc":{"start":{"line":62,"column":8},"end":{"line":64,"column":9}},"type":"if","locations":[{"start":{"line":62,"column":8},"end":{"line":64,"column":9}},{"start":{},"end":{}}],"line":62},"4":{"loc":{"start":{"line":80,"column":8},"end":{"line":82,"column":9}},"type":"if","locations":[{"start":{"line":80,"column":8},"end":{"line":82,"column":9}},{"start":{},"end":{}}],"line":80},"5":{"loc":{"start":{"line":108,"column":8},"end":{"line":154,"column":9}},"type":"if","locations":[{"start":{"line":108,"column":8},"end":{"line":154,"column":9}},{"start":{"line":110,"column":15},"end":{"line":154,"column":9}}],"line":108},"6":{"loc":{"start":{"line":116,"column":16},"end":{"line":152,"column":17}},"type":"if","locations":[{"start":{"line":116,"column":16},"end":{"line":152,"column":17}},{"start":{"line":118,"column":23},"end":{"line":152,"column":17}}],"line":116},"7":{"loc":{"start":{"line":120,"column":20},"end":{"line":122,"column":21}},"type":"if","locations":[{"start":{"line":120,"column":20},"end":{"line":122,"column":21}},{"start":{},"end":{}}],"line":120},"8":{"loc":{"start":{"line":120,"column":23},"end":{"line":120,"column":96}},"type":"binary-expr","locations":[{"start":{"line":120,"column":23},"end":{"line":120,"column":47}},{"start":{"line":120,"column":51},"end":{"line":120,"column":96}}],"line":120},"9":{"loc":{"start":{"line":127,"column":24},"end":{"line":150,"column":25}},"type":"if","locations":[{"start":{"line":127,"column":24},"end":{"line":150,"column":25}},{"start":{"line":129,"column":31},"end":{"line":150,"column":25}}],"line":127},"10":{"loc":{"start":{"line":141,"column":32},"end":{"line":143,"column":33}},"type":"if","locations":[{"start":{"line":141,"column":32},"end":{"line":143,"column":33}},{"start":{},"end":{}}],"line":141},"11":{"loc":{"start":{"line":169,"column":8},"end":{"line":171,"column":9}},"type":"if","locations":[{"start":{"line":169,"column":8},"end":{"line":171,"column":9}},{"start":{},"end":{}}],"line":169},"12":{"loc":{"start":{"line":174,"column":8},"end":{"line":176,"column":9}},"type":"if","locations":[{"start":{"line":174,"column":8},"end":{"line":176,"column":9}},{"start":{},"end":{}}],"line":174},"13":{"loc":{"start":{"line":199,"column":8},"end":{"line":201,"column":9}},"type":"if","locations":[{"start":{"line":199,"column":8},"end":{"line":201,"column":9}},{"start":{},"end":{}}],"line":199},"14":{"loc":{"start":{"line":208,"column":12},"end":{"line":210,"column":13}},"type":"if","locations":[{"start":{"line":208,"column":12},"end":{"line":210,"column":13}},{"start":{},"end":{}}],"line":208},"15":{"loc":{"start":{"line":213,"column":12},"end":{"line":215,"column":13}},"type":"if","locations":[{"start":{"line":213,"column":12},"end":{"line":215,"column":13}},{"start":{},"end":{}}],"line":213},"16":{"loc":{"start":{"line":213,"column":15},"end":{"line":213,"column":88}},"type":"binary-expr","locations":[{"start":{"line":213,"column":15},"end":{"line":213,"column":39}},{"start":{"line":213,"column":43},"end":{"line":213,"column":88}}],"line":213},"17":{"loc":{"start":{"line":238,"column":8},"end":{"line":240,"column":9}},"type":"if","locations":[{"start":{"line":238,"column":8},"end":{"line":240,"column":9}},{"start":{},"end":{}}],"line":238},"18":{"loc":{"start":{"line":243,"column":8},"end":{"line":245,"column":9}},"type":"if","locations":[{"start":{"line":243,"column":8},"end":{"line":245,"column":9}},{"start":{},"end":{}}],"line":243},"19":{"loc":{"start":{"line":248,"column":8},"end":{"line":250,"column":9}},"type":"if","locations":[{"start":{"line":248,"column":8},"end":{"line":250,"column":9}},{"start":{},"end":{}}],"line":248},"20":{"loc":{"start":{"line":248,"column":12},"end":{"line":248,"column":69}},"type":"binary-expr","locations":[{"start":{"line":248,"column":12},"end":{"line":248,"column":29}},{"start":{"line":248,"column":33},"end":{"line":248,"column":49}},{"start":{"line":248,"column":53},"end":{"line":248,"column":69}}],"line":248},"21":{"loc":{"start":{"line":255,"column":8},"end":{"line":255,"column":68}},"type":"if","locations":[{"start":{"line":255,"column":8},"end":{"line":255,"column":68}},{"start":{},"end":{}}],"line":255},"22":{"loc":{"start":{"line":266,"column":12},"end":{"line":268,"column":13}},"type":"if","locations":[{"start":{"line":266,"column":12},"end":{"line":268,"column":13}},{"start":{},"end":{}}],"line":266},"23":{"loc":{"start":{"line":271,"column":12},"end":{"line":273,"column":13}},"type":"if","locations":[{"start":{"line":271,"column":12},"end":{"line":273,"column":13}},{"start":{},"end":{}}],"line":271}},"s":{"0":2,"1":2,"2":2,"3":2,"4":2,"5":0,"6":0,"7":0,"8":0,"9":0,"10":0,"11":0,"12":0,"13":0,"14":0,"15":0,"16":0,"17":0,"18":0,"19":2,"20":0,"21":0,"22":0,"23":0,"24":0,"25":0,"26":0,"27":0,"28":0,"29":0,"30":2,"31":0,"32":0,"33":0,"34":0,"35":0,"36":0,"37":0,"38":0,"39":2,"40":0,"41":0,"42":0,"43":0,"44":0,"45":0,"46":0,"47":0,"48":0,"49":0,"50":0,"51":0,"52":0,"53":0,"54":0,"55":0,"56":0,"57":0,"58":0,"59":0,"60":0,"61":0,"62":0,"63":0,"64":0,"65":0,"66":2,"67":0,"68":0,"69":0,"70":0,"71":0,"72":0,"73":0,"74":0,"75":0,"76":0,"77":0,"78":2,"79":0,"80":0,"81":0,"82":0,"83":0,"84":0,"85":0,"86":0,"87":0,"88":0,"89":0,"90":0,"91":0,"92":0,"93":0,"94":0,"95":2,"96":0,"97":0,"98":0,"99":0,"100":0,"101":0,"102":0,"103":0,"104":0,"105":0,"106":0,"107":0,"108":0,"109":0,"110":0,"111":0,"112":0,"113":0,"114":0,"115":0,"116":0,"117":0,"118":0,"119":0,"120":0,"121":0,"122":0,"123":2},"f":{"0":0,"1":0,"2":0,"3":0,"4":0,"5":0,"6":0,"7":0,"8":0,"9":0,"10":0,"11":0,"12":0,"13":0,"14":0,"15":0,"16":0,"17":0,"18":0,"19":0,"20":0},"b":{"0":[0,0],"1":[0,0],"2":[0,0],"3":[0,0],"4":[0,0],"5":[0,0],"6":[0,0],"7":[0,0],"8":[0,0],"9":[0,0],"10":[0,0],"11":[0,0],"12":[0,0],"13":[0,0],"14":[0,0],"15":[0,0],"16":[0,0],"17":[0,0],"18":[0,0],"19":[0,0],"20":[0,0,0],"21":[0,0],"22":[0,0],"23":[0,0]},"_coverageSchema":"1a1c01bbd47fc00a2c39e90264f33305004495a9","hash":"d89eedaae2a20e9e61c5f3e530acc2bc634759a0"}
,"/home/alessandro/Desktop/SE2022-2023-Marostica-Masellis-Marchini/server/controllers/commento_profilo.js": {"path":"/home/alessandro/Desktop/SE2022-2023-Marostica-Masellis-Marchini/server/controllers/commento_profilo.js","statementMap":{"0":{"start":{"line":2,"column":25},"end":{"line":2,"column":62}},"1":{"start":{"line":3,"column":15},"end":{"line":3,"column":42}},"2":{"start":{"line":6,"column":23},"end":{"line":6,"column":38}},"3":{"start":{"line":9,"column":28},"end":{"line":29,"column":1}},"4":{"start":{"line":15,"column":32},"end":{"line":22,"column":6}},"5":{"start":{"line":25,"column":4},"end":{"line":28,"column":7}},"6":{"start":{"line":26,"column":8},"end":{"line":26,"column":67}},"7":{"start":{"line":26,"column":19},"end":{"line":26,"column":36}},"8":{"start":{"line":26,"column":37},"end":{"line":26,"column":66}},"9":{"start":{"line":27,"column":8},"end":{"line":27,"column":68}},"10":{"start":{"line":32,"column":28},"end":{"line":54,"column":1}},"11":{"start":{"line":34,"column":15},"end":{"line":34,"column":28}},"12":{"start":{"line":35,"column":18},"end":{"line":35,"column":28}},"13":{"start":{"line":40,"column":4},"end":{"line":53,"column":7}},"14":{"start":{"line":42,"column":8},"end":{"line":44,"column":9}},"15":{"start":{"line":43,"column":12},"end":{"line":43,"column":42}},"16":{"start":{"line":47,"column":8},"end":{"line":49,"column":9}},"17":{"start":{"line":48,"column":12},"end":{"line":48,"column":76}},"18":{"start":{"line":52,"column":8},"end":{"line":52,"column":46}},"19":{"start":{"line":57,"column":28},"end":{"line":77,"column":1}},"20":{"start":{"line":59,"column":28},"end":{"line":59,"column":43}},"21":{"start":{"line":62,"column":4},"end":{"line":76,"column":7}},"22":{"start":{"line":64,"column":8},"end":{"line":66,"column":9}},"23":{"start":{"line":65,"column":12},"end":{"line":65,"column":42}},"24":{"start":{"line":68,"column":23},"end":{"line":68,"column":25}},"25":{"start":{"line":70,"column":8},"end":{"line":72,"column":11}},"26":{"start":{"line":71,"column":12},"end":{"line":71,"column":36}},"27":{"start":{"line":75,"column":8},"end":{"line":75,"column":44}},"28":{"start":{"line":80,"column":31},"end":{"line":133,"column":1}},"29":{"start":{"line":82,"column":22},"end":{"line":82,"column":35}},"30":{"start":{"line":86,"column":21},"end":{"line":86,"column":38}},"31":{"start":{"line":87,"column":18},"end":{"line":87,"column":40}},"32":{"start":{"line":90,"column":4},"end":{"line":132,"column":6}},"33":{"start":{"line":92,"column":8},"end":{"line":131,"column":9}},"34":{"start":{"line":93,"column":12},"end":{"line":93,"column":42}},"35":{"start":{"line":95,"column":26},"end":{"line":95,"column":43}},"36":{"start":{"line":98,"column":12},"end":{"line":130,"column":14}},"37":{"start":{"line":100,"column":16},"end":{"line":129,"column":17}},"38":{"start":{"line":101,"column":20},"end":{"line":101,"column":50}},"39":{"start":{"line":102,"column":23},"end":{"line":129,"column":17}},"40":{"start":{"line":104,"column":20},"end":{"line":104,"column":84}},"41":{"start":{"line":107,"column":20},"end":{"line":109,"column":21}},"42":{"start":{"line":108,"column":24},"end":{"line":108,"column":90}},"43":{"start":{"line":112,"column":20},"end":{"line":128,"column":22}},"44":{"start":{"line":114,"column":24},"end":{"line":127,"column":25}},"45":{"start":{"line":115,"column":28},"end":{"line":115,"column":58}},"46":{"start":{"line":119,"column":28},"end":{"line":119,"column":107}},"47":{"start":{"line":122,"column":28},"end":{"line":122,"column":76}},"48":{"start":{"line":123,"column":28},"end":{"line":123,"column":42}},"49":{"start":{"line":126,"column":28},"end":{"line":126,"column":75}},"50":{"start":{"line":136,"column":32},"end":{"line":162,"column":1}},"51":{"start":{"line":138,"column":4},"end":{"line":138,"column":28}},"52":{"start":{"line":139,"column":16},"end":{"line":139,"column":33}},"53":{"start":{"line":144,"column":4},"end":{"line":161,"column":7}},"54":{"start":{"line":146,"column":8},"end":{"line":148,"column":9}},"55":{"start":{"line":147,"column":12},"end":{"line":147,"column":42}},"56":{"start":{"line":151,"column":8},"end":{"line":153,"column":9}},"57":{"start":{"line":152,"column":12},"end":{"line":152,"column":76}},"58":{"start":{"line":156,"column":8},"end":{"line":156,"column":30}},"59":{"start":{"line":157,"column":8},"end":{"line":157,"column":20}},"60":{"start":{"line":160,"column":8},"end":{"line":160,"column":55}},"61":{"start":{"line":165,"column":33},"end":{"line":209,"column":1}},"62":{"start":{"line":167,"column":22},"end":{"line":167,"column":33}},"63":{"start":{"line":168,"column":19},"end":{"line":168,"column":34}},"64":{"start":{"line":169,"column":18},"end":{"line":169,"column":32}},"65":{"start":{"line":170,"column":21},"end":{"line":170,"column":38}},"66":{"start":{"line":172,"column":16},"end":{"line":172,"column":33}},"67":{"start":{"line":175,"column":4},"end":{"line":208,"column":6}},"68":{"start":{"line":177,"column":8},"end":{"line":179,"column":9}},"69":{"start":{"line":178,"column":12},"end":{"line":178,"column":42}},"70":{"start":{"line":182,"column":8},"end":{"line":184,"column":9}},"71":{"start":{"line":183,"column":12},"end":{"line":183,"column":77}},"72":{"start":{"line":186,"column":8},"end":{"line":186,"column":39}},"73":{"start":{"line":189,"column":8},"end":{"line":207,"column":10}},"74":{"start":{"line":191,"column":12},"end":{"line":193,"column":13}},"75":{"start":{"line":192,"column":16},"end":{"line":192,"column":46}},"76":{"start":{"line":196,"column":12},"end":{"line":198,"column":13}},"77":{"start":{"line":197,"column":16},"end":{"line":197,"column":82}},"78":{"start":{"line":201,"column":12},"end":{"line":201,"column":37}},"79":{"start":{"line":202,"column":12},"end":{"line":202,"column":35}},"80":{"start":{"line":203,"column":12},"end":{"line":203,"column":28}},"81":{"start":{"line":206,"column":12},"end":{"line":206,"column":50}},"82":{"start":{"line":212,"column":31},"end":{"line":270,"column":1}},"83":{"start":{"line":214,"column":22},"end":{"line":214,"column":33}},"84":{"start":{"line":215,"column":21},"end":{"line":215,"column":38}},"85":{"start":{"line":216,"column":24},"end":{"line":216,"column":44}},"86":{"start":{"line":217,"column":16},"end":{"line":217,"column":33}},"87":{"start":{"line":220,"column":4},"end":{"line":269,"column":6}},"88":{"start":{"line":222,"column":8},"end":{"line":224,"column":9}},"89":{"start":{"line":223,"column":12},"end":{"line":223,"column":42}},"90":{"start":{"line":227,"column":8},"end":{"line":229,"column":9}},"91":{"start":{"line":228,"column":12},"end":{"line":228,"column":75}},"92":{"start":{"line":232,"column":8},"end":{"line":234,"column":9}},"93":{"start":{"line":233,"column":12},"end":{"line":233,"column":77}},"94":{"start":{"line":238,"column":36},"end":{"line":238,"column":66}},"95":{"start":{"line":239,"column":8},"end":{"line":239,"column":68}},"96":{"start":{"line":239,"column":42},"end":{"line":239,"column":68}},"97":{"start":{"line":242,"column":8},"end":{"line":242,"column":52}},"98":{"start":{"line":243,"column":32},"end":{"line":243,"column":67}},"99":{"start":{"line":244,"column":8},"end":{"line":244,"column":50}},"100":{"start":{"line":246,"column":8},"end":{"line":246,"column":53}},"101":{"start":{"line":249,"column":8},"end":{"line":268,"column":10}},"102":{"start":{"line":251,"column":12},"end":{"line":253,"column":13}},"103":{"start":{"line":252,"column":16},"end":{"line":252,"column":46}},"104":{"start":{"line":256,"column":12},"end":{"line":258,"column":13}},"105":{"start":{"line":257,"column":16},"end":{"line":257,"column":92}},"106":{"start":{"line":261,"column":12},"end":{"line":261,"column":48}},"107":{"start":{"line":263,"column":12},"end":{"line":263,"column":26}},"108":{"start":{"line":264,"column":12},"end":{"line":264,"column":24}},"109":{"start":{"line":267,"column":12},"end":{"line":267,"column":121}},"110":{"start":{"line":272,"column":0},"end":{"line":272,"column":182}}},"fnMap":{"0":{"name":"(anonymous_0)","decl":{"start":{"line":9,"column":28},"end":{"line":9,"column":29}},"loc":{"start":{"line":9,"column":48},"end":{"line":29,"column":1}},"line":9},"1":{"name":"(anonymous_1)","decl":{"start":{"line":25,"column":29},"end":{"line":25,"column":30}},"loc":{"start":{"line":25,"column":44},"end":{"line":28,"column":5}},"line":25},"2":{"name":"(anonymous_2)","decl":{"start":{"line":32,"column":28},"end":{"line":32,"column":29}},"loc":{"start":{"line":32,"column":42},"end":{"line":54,"column":1}},"line":32},"3":{"name":"(anonymous_3)","decl":{"start":{"line":40,"column":36},"end":{"line":40,"column":37}},"loc":{"start":{"line":40,"column":55},"end":{"line":53,"column":5}},"line":40},"4":{"name":"(anonymous_4)","decl":{"start":{"line":57,"column":28},"end":{"line":57,"column":29}},"loc":{"start":{"line":57,"column":42},"end":{"line":77,"column":1}},"line":57},"5":{"name":"(anonymous_5)","decl":{"start":{"line":62,"column":67},"end":{"line":62,"column":68}},"loc":{"start":{"line":62,"column":82},"end":{"line":76,"column":5}},"line":62},"6":{"name":"(anonymous_6)","decl":{"start":{"line":70,"column":21},"end":{"line":70,"column":22}},"loc":{"start":{"line":70,"column":32},"end":{"line":72,"column":9}},"line":70},"7":{"name":"(anonymous_7)","decl":{"start":{"line":80,"column":31},"end":{"line":80,"column":32}},"loc":{"start":{"line":80,"column":45},"end":{"line":133,"column":1}},"line":80},"8":{"name":"(anonymous_8)","decl":{"start":{"line":90,"column":26},"end":{"line":90,"column":27}},"loc":{"start":{"line":90,"column":43},"end":{"line":132,"column":5}},"line":90},"9":{"name":"(anonymous_9)","decl":{"start":{"line":98,"column":44},"end":{"line":98,"column":45}},"loc":{"start":{"line":98,"column":63},"end":{"line":130,"column":13}},"line":98},"10":{"name":"(anonymous_10)","decl":{"start":{"line":112,"column":54},"end":{"line":112,"column":55}},"loc":{"start":{"line":112,"column":75},"end":{"line":128,"column":21}},"line":112},"11":{"name":"(anonymous_11)","decl":{"start":{"line":136,"column":32},"end":{"line":136,"column":33}},"loc":{"start":{"line":136,"column":46},"end":{"line":162,"column":1}},"line":136},"12":{"name":"(anonymous_12)","decl":{"start":{"line":144,"column":36},"end":{"line":144,"column":37}},"loc":{"start":{"line":144,"column":50},"end":{"line":161,"column":5}},"line":144},"13":{"name":"(anonymous_13)","decl":{"start":{"line":165,"column":33},"end":{"line":165,"column":34}},"loc":{"start":{"line":165,"column":47},"end":{"line":209,"column":1}},"line":165},"14":{"name":"(anonymous_14)","decl":{"start":{"line":175,"column":36},"end":{"line":175,"column":37}},"loc":{"start":{"line":175,"column":55},"end":{"line":208,"column":5}},"line":175},"15":{"name":"(anonymous_15)","decl":{"start":{"line":189,"column":30},"end":{"line":189,"column":31}},"loc":{"start":{"line":189,"column":47},"end":{"line":207,"column":9}},"line":189},"16":{"name":"(anonymous_16)","decl":{"start":{"line":212,"column":31},"end":{"line":212,"column":32}},"loc":{"start":{"line":212,"column":45},"end":{"line":270,"column":1}},"line":212},"17":{"name":"(anonymous_17)","decl":{"start":{"line":220,"column":36},"end":{"line":220,"column":37}},"loc":{"start":{"line":220,"column":50},"end":{"line":269,"column":5}},"line":220},"18":{"name":"(anonymous_18)","decl":{"start":{"line":249,"column":30},"end":{"line":249,"column":31}},"loc":{"start":{"line":249,"column":47},"end":{"line":268,"column":9}},"line":249}},"branchMap":{"0":{"loc":{"start":{"line":26,"column":8},"end":{"line":26,"column":67}},"type":"if","locations":[{"start":{"line":26,"column":8},"end":{"line":26,"column":67}},{"start":{},"end":{}}],"line":26},"1":{"loc":{"start":{"line":42,"column":8},"end":{"line":44,"column":9}},"type":"if","locations":[{"start":{"line":42,"column":8},"end":{"line":44,"column":9}},{"start":{},"end":{}}],"line":42},"2":{"loc":{"start":{"line":47,"column":8},"end":{"line":49,"column":9}},"type":"if","locations":[{"start":{"line":47,"column":8},"end":{"line":49,"column":9}},{"start":{},"end":{}}],"line":47},"3":{"loc":{"start":{"line":64,"column":8},"end":{"line":66,"column":9}},"type":"if","locations":[{"start":{"line":64,"column":8},"end":{"line":66,"column":9}},{"start":{},"end":{}}],"line":64},"4":{"loc":{"start":{"line":92,"column":8},"end":{"line":131,"column":9}},"type":"if","locations":[{"start":{"line":92,"column":8},"end":{"line":131,"column":9}},{"start":{"line":94,"column":15},"end":{"line":131,"column":9}}],"line":92},"5":{"loc":{"start":{"line":100,"column":16},"end":{"line":129,"column":17}},"type":"if","locations":[{"start":{"line":100,"column":16},"end":{"line":129,"column":17}},{"start":{"line":102,"column":23},"end":{"line":129,"column":17}}],"line":100},"6":{"loc":{"start":{"line":102,"column":23},"end":{"line":129,"column":17}},"type":"if","locations":[{"start":{"line":102,"column":23},"end":{"line":129,"column":17}},{"start":{"line":105,"column":23},"end":{"line":129,"column":17}}],"line":102},"7":{"loc":{"start":{"line":107,"column":20},"end":{"line":109,"column":21}},"type":"if","locations":[{"start":{"line":107,"column":20},"end":{"line":109,"column":21}},{"start":{},"end":{}}],"line":107},"8":{"loc":{"start":{"line":107,"column":23},"end":{"line":107,"column":96}},"type":"binary-expr","locations":[{"start":{"line":107,"column":23},"end":{"line":107,"column":47}},{"start":{"line":107,"column":51},"end":{"line":107,"column":96}}],"line":107},"9":{"loc":{"start":{"line":114,"column":24},"end":{"line":127,"column":25}},"type":"if","locations":[{"start":{"line":114,"column":24},"end":{"line":127,"column":25}},{"start":{"line":116,"column":31},"end":{"line":127,"column":25}}],"line":114},"10":{"loc":{"start":{"line":146,"column":8},"end":{"line":148,"column":9}},"type":"if","locations":[{"start":{"line":146,"column":8},"end":{"line":148,"column":9}},{"start":{},"end":{}}],"line":146},"11":{"loc":{"start":{"line":151,"column":8},"end":{"line":153,"column":9}},"type":"if","locations":[{"start":{"line":151,"column":8},"end":{"line":153,"column":9}},{"start":{},"end":{}}],"line":151},"12":{"loc":{"start":{"line":177,"column":8},"end":{"line":179,"column":9}},"type":"if","locations":[{"start":{"line":177,"column":8},"end":{"line":179,"column":9}},{"start":{},"end":{}}],"line":177},"13":{"loc":{"start":{"line":182,"column":8},"end":{"line":184,"column":9}},"type":"if","locations":[{"start":{"line":182,"column":8},"end":{"line":184,"column":9}},{"start":{},"end":{}}],"line":182},"14":{"loc":{"start":{"line":191,"column":12},"end":{"line":193,"column":13}},"type":"if","locations":[{"start":{"line":191,"column":12},"end":{"line":193,"column":13}},{"start":{},"end":{}}],"line":191},"15":{"loc":{"start":{"line":196,"column":12},"end":{"line":198,"column":13}},"type":"if","locations":[{"start":{"line":196,"column":12},"end":{"line":198,"column":13}},{"start":{},"end":{}}],"line":196},"16":{"loc":{"start":{"line":196,"column":15},"end":{"line":196,"column":88}},"type":"binary-expr","locations":[{"start":{"line":196,"column":15},"end":{"line":196,"column":39}},{"start":{"line":196,"column":43},"end":{"line":196,"column":88}}],"line":196},"17":{"loc":{"start":{"line":222,"column":8},"end":{"line":224,"column":9}},"type":"if","locations":[{"start":{"line":222,"column":8},"end":{"line":224,"column":9}},{"start":{},"end":{}}],"line":222},"18":{"loc":{"start":{"line":227,"column":8},"end":{"line":229,"column":9}},"type":"if","locations":[{"start":{"line":227,"column":8},"end":{"line":229,"column":9}},{"start":{},"end":{}}],"line":227},"19":{"loc":{"start":{"line":232,"column":8},"end":{"line":234,"column":9}},"type":"if","locations":[{"start":{"line":232,"column":8},"end":{"line":234,"column":9}},{"start":{},"end":{}}],"line":232},"20":{"loc":{"start":{"line":232,"column":12},"end":{"line":232,"column":69}},"type":"binary-expr","locations":[{"start":{"line":232,"column":12},"end":{"line":232,"column":29}},{"start":{"line":232,"column":33},"end":{"line":232,"column":49}},{"start":{"line":232,"column":53},"end":{"line":232,"column":69}}],"line":232},"21":{"loc":{"start":{"line":239,"column":8},"end":{"line":239,"column":68}},"type":"if","locations":[{"start":{"line":239,"column":8},"end":{"line":239,"column":68}},{"start":{},"end":{}}],"line":239},"22":{"loc":{"start":{"line":251,"column":12},"end":{"line":253,"column":13}},"type":"if","locations":[{"start":{"line":251,"column":12},"end":{"line":253,"column":13}},{"start":{},"end":{}}],"line":251},"23":{"loc":{"start":{"line":256,"column":12},"end":{"line":258,"column":13}},"type":"if","locations":[{"start":{"line":256,"column":12},"end":{"line":258,"column":13}},{"start":{},"end":{}}],"line":256}},"s":{"0":2,"1":2,"2":2,"3":2,"4":0,"5":0,"6":0,"7":0,"8":0,"9":0,"10":2,"11":0,"12":0,"13":0,"14":0,"15":0,"16":0,"17":0,"18":0,"19":2,"20":0,"21":0,"22":0,"23":0,"24":0,"25":0,"26":0,"27":0,"28":2,"29":0,"30":0,"31":0,"32":0,"33":0,"34":0,"35":0,"36":0,"37":0,"38":0,"39":0,"40":0,"41":0,"42":0,"43":0,"44":0,"45":0,"46":0,"47":0,"48":0,"49":0,"50":2,"51":0,"52":0,"53":0,"54":0,"55":0,"56":0,"57":0,"58":0,"59":0,"60":0,"61":2,"62":0,"63":0,"64":0,"65":0,"66":0,"67":0,"68":0,"69":0,"70":0,"71":0,"72":0,"73":0,"74":0,"75":0,"76":0,"77":0,"78":0,"79":0,"80":0,"81":0,"82":2,"83":0,"84":0,"85":0,"86":0,"87":0,"88":0,"89":0,"90":0,"91":0,"92":0,"93":0,"94":0,"95":0,"96":0,"97":0,"98":0,"99":0,"100":0,"101":0,"102":0,"103":0,"104":0,"105":0,"106":0,"107":0,"108":0,"109":0,"110":2},"f":{"0":0,"1":0,"2":0,"3":0,"4":0,"5":0,"6":0,"7":0,"8":0,"9":0,"10":0,"11":0,"12":0,"13":0,"14":0,"15":0,"16":0,"17":0,"18":0},"b":{"0":[0,0],"1":[0,0],"2":[0,0],"3":[0,0],"4":[0,0],"5":[0,0],"6":[0,0],"7":[0,0],"8":[0,0],"9":[0,0],"10":[0,0],"11":[0,0],"12":[0,0],"13":[0,0],"14":[0,0],"15":[0,0],"16":[0,0],"17":[0,0],"18":[0,0],"19":[0,0],"20":[0,0,0],"21":[0,0],"22":[0,0],"23":[0,0]},"_coverageSchema":"1a1c01bbd47fc00a2c39e90264f33305004495a9","hash":"97559f717442e3b72ae1e7d94ae558ac0f11bb3e"}
,"/home/alessandro/Desktop/SE2022-2023-Marostica-Masellis-Marchini/server/controllers/post.js": {"path":"/home/alessandro/Desktop/SE2022-2023-Marostica-Masellis-Marchini/server/controllers/post.js","statementMap":{"0":{"start":{"line":2,"column":13},"end":{"line":2,"column":38}},"1":{"start":{"line":3,"column":15},"end":{"line":3,"column":42}},"2":{"start":{"line":6,"column":23},"end":{"line":6,"column":38}},"3":{"start":{"line":9,"column":16},"end":{"line":37,"column":1}},"4":{"start":{"line":11,"column":4},"end":{"line":11,"column":26}},"5":{"start":{"line":12,"column":4},"end":{"line":12,"column":92}},"6":{"start":{"line":14,"column":15},"end":{"line":14,"column":23}},"7":{"start":{"line":17,"column":4},"end":{"line":19,"column":5}},"8":{"start":{"line":18,"column":8},"end":{"line":18,"column":92}},"9":{"start":{"line":21,"column":20},"end":{"line":30,"column":6}},"10":{"start":{"line":33,"column":4},"end":{"line":36,"column":7}},"11":{"start":{"line":34,"column":8},"end":{"line":34,"column":47}},"12":{"start":{"line":34,"column":17},"end":{"line":34,"column":47}},"13":{"start":{"line":35,"column":8},"end":{"line":35,"column":48}},"14":{"start":{"line":40,"column":17},"end":{"line":60,"column":1}},"15":{"start":{"line":42,"column":4},"end":{"line":42,"column":40}},"16":{"start":{"line":45,"column":4},"end":{"line":59,"column":7}},"17":{"start":{"line":47,"column":8},"end":{"line":49,"column":9}},"18":{"start":{"line":48,"column":12},"end":{"line":48,"column":42}},"19":{"start":{"line":51,"column":23},"end":{"line":51,"column":25}},"20":{"start":{"line":53,"column":8},"end":{"line":55,"column":11}},"21":{"start":{"line":54,"column":12},"end":{"line":54,"column":33}},"22":{"start":{"line":58,"column":8},"end":{"line":58,"column":44}},"23":{"start":{"line":63,"column":20},"end":{"line":85,"column":1}},"24":{"start":{"line":65,"column":17},"end":{"line":65,"column":30}},"25":{"start":{"line":66,"column":16},"end":{"line":66,"column":30}},"26":{"start":{"line":68,"column":4},"end":{"line":68,"column":41}},"27":{"start":{"line":71,"column":4},"end":{"line":84,"column":7}},"28":{"start":{"line":73,"column":8},"end":{"line":75,"column":9}},"29":{"start":{"line":74,"column":12},"end":{"line":74,"column":42}},"30":{"start":{"line":78,"column":8},"end":{"line":80,"column":9}},"31":{"start":{"line":79,"column":12},"end":{"line":79,"column":73}},"32":{"start":{"line":83,"column":8},"end":{"line":83,"column":42}},"33":{"start":{"line":88,"column":22},"end":{"line":109,"column":1}},"34":{"start":{"line":90,"column":19},"end":{"line":90,"column":34}},"35":{"start":{"line":91,"column":16},"end":{"line":91,"column":43}},"36":{"start":{"line":92,"column":4},"end":{"line":92,"column":64}},"37":{"start":{"line":95,"column":23},"end":{"line":95,"column":74}},"38":{"start":{"line":98,"column":4},"end":{"line":98,"column":83}},"39":{"start":{"line":98,"column":21},"end":{"line":98,"column":83}},"40":{"start":{"line":101,"column":4},"end":{"line":108,"column":7}},"41":{"start":{"line":103,"column":8},"end":{"line":105,"column":9}},"42":{"start":{"line":104,"column":12},"end":{"line":104,"column":42}},"43":{"start":{"line":107,"column":8},"end":{"line":107,"column":42}},"44":{"start":{"line":112,"column":20},"end":{"line":140,"column":1}},"45":{"start":{"line":114,"column":17},"end":{"line":114,"column":28}},"46":{"start":{"line":115,"column":16},"end":{"line":115,"column":30}},"47":{"start":{"line":117,"column":4},"end":{"line":117,"column":24}},"48":{"start":{"line":119,"column":4},"end":{"line":119,"column":54}},"49":{"start":{"line":122,"column":4},"end":{"line":139,"column":7}},"50":{"start":{"line":124,"column":8},"end":{"line":126,"column":9}},"51":{"start":{"line":125,"column":12},"end":{"line":125,"column":42}},"52":{"start":{"line":129,"column":8},"end":{"line":131,"column":9}},"53":{"start":{"line":130,"column":12},"end":{"line":130,"column":72}},"54":{"start":{"line":134,"column":8},"end":{"line":134,"column":30}},"55":{"start":{"line":135,"column":8},"end":{"line":135,"column":20}},"56":{"start":{"line":138,"column":8},"end":{"line":138,"column":52}},"57":{"start":{"line":143,"column":19},"end":{"line":196,"column":1}},"58":{"start":{"line":145,"column":19},"end":{"line":145,"column":30}},"59":{"start":{"line":146,"column":21},"end":{"line":146,"column":38}},"60":{"start":{"line":147,"column":24},"end":{"line":147,"column":44}},"61":{"start":{"line":148,"column":16},"end":{"line":148,"column":30}},"62":{"start":{"line":151,"column":4},"end":{"line":195,"column":6}},"63":{"start":{"line":152,"column":8},"end":{"line":154,"column":9}},"64":{"start":{"line":153,"column":12},"end":{"line":153,"column":42}},"65":{"start":{"line":157,"column":8},"end":{"line":159,"column":9}},"66":{"start":{"line":158,"column":12},"end":{"line":158,"column":42}},"67":{"start":{"line":162,"column":8},"end":{"line":164,"column":9}},"68":{"start":{"line":163,"column":12},"end":{"line":163,"column":71}},"69":{"start":{"line":168,"column":36},"end":{"line":168,"column":66}},"70":{"start":{"line":169,"column":8},"end":{"line":169,"column":68}},"71":{"start":{"line":169,"column":42},"end":{"line":169,"column":68}},"72":{"start":{"line":172,"column":8},"end":{"line":172,"column":52}},"73":{"start":{"line":173,"column":32},"end":{"line":173,"column":67}},"74":{"start":{"line":174,"column":8},"end":{"line":174,"column":47}},"75":{"start":{"line":176,"column":8},"end":{"line":176,"column":49}},"76":{"start":{"line":179,"column":8},"end":{"line":194,"column":10}},"77":{"start":{"line":180,"column":12},"end":{"line":182,"column":13}},"78":{"start":{"line":181,"column":16},"end":{"line":181,"column":46}},"79":{"start":{"line":183,"column":12},"end":{"line":185,"column":13}},"80":{"start":{"line":184,"column":16},"end":{"line":184,"column":88}},"81":{"start":{"line":187,"column":12},"end":{"line":187,"column":48}},"82":{"start":{"line":189,"column":12},"end":{"line":189,"column":26}},"83":{"start":{"line":190,"column":12},"end":{"line":190,"column":24}},"84":{"start":{"line":193,"column":12},"end":{"line":193,"column":113}},"85":{"start":{"line":199,"column":21},"end":{"line":237,"column":1}},"86":{"start":{"line":201,"column":19},"end":{"line":201,"column":30}},"87":{"start":{"line":202,"column":21},"end":{"line":202,"column":38}},"88":{"start":{"line":203,"column":19},"end":{"line":203,"column":34}},"89":{"start":{"line":204,"column":18},"end":{"line":204,"column":32}},"90":{"start":{"line":205,"column":18},"end":{"line":205,"column":32}},"91":{"start":{"line":206,"column":16},"end":{"line":206,"column":28}},"92":{"start":{"line":208,"column":18},"end":{"line":208,"column":32}},"93":{"start":{"line":211,"column":4},"end":{"line":236,"column":6}},"94":{"start":{"line":213,"column":8},"end":{"line":215,"column":9}},"95":{"start":{"line":214,"column":12},"end":{"line":214,"column":42}},"96":{"start":{"line":218,"column":8},"end":{"line":220,"column":9}},"97":{"start":{"line":219,"column":12},"end":{"line":219,"column":74}},"98":{"start":{"line":223,"column":8},"end":{"line":225,"column":9}},"99":{"start":{"line":224,"column":12},"end":{"line":224,"column":78}},"100":{"start":{"line":227,"column":8},"end":{"line":227,"column":29}},"101":{"start":{"line":228,"column":8},"end":{"line":228,"column":27}},"102":{"start":{"line":229,"column":8},"end":{"line":229,"column":27}},"103":{"start":{"line":230,"column":8},"end":{"line":230,"column":23}},"104":{"start":{"line":232,"column":8},"end":{"line":232,"column":20}},"105":{"start":{"line":235,"column":8},"end":{"line":235,"column":42}},"106":{"start":{"line":240,"column":25},"end":{"line":269,"column":1}},"107":{"start":{"line":242,"column":19},"end":{"line":242,"column":30}},"108":{"start":{"line":243,"column":21},"end":{"line":243,"column":38}},"109":{"start":{"line":245,"column":18},"end":{"line":245,"column":40}},"110":{"start":{"line":248,"column":23},"end":{"line":248,"column":64}},"111":{"start":{"line":251,"column":4},"end":{"line":253,"column":5}},"112":{"start":{"line":252,"column":8},"end":{"line":252,"column":70}},"113":{"start":{"line":256,"column":4},"end":{"line":268,"column":6}},"114":{"start":{"line":258,"column":8},"end":{"line":260,"column":9}},"115":{"start":{"line":259,"column":12},"end":{"line":259,"column":42}},"116":{"start":{"line":263,"column":8},"end":{"line":263,"column":86}},"117":{"start":{"line":263,"column":52},"end":{"line":263,"column":86}},"118":{"start":{"line":264,"column":8},"end":{"line":264,"column":22}},"119":{"start":{"line":267,"column":8},"end":{"line":267,"column":72}},"120":{"start":{"line":272,"column":19},"end":{"line":310,"column":1}},"121":{"start":{"line":274,"column":19},"end":{"line":274,"column":32}},"122":{"start":{"line":275,"column":21},"end":{"line":275,"column":38}},"123":{"start":{"line":278,"column":16},"end":{"line":278,"column":30}},"124":{"start":{"line":279,"column":17},"end":{"line":279,"column":49}},"125":{"start":{"line":282,"column":4},"end":{"line":284,"column":5}},"126":{"start":{"line":283,"column":8},"end":{"line":283,"column":70}},"127":{"start":{"line":287,"column":4},"end":{"line":287,"column":35}},"128":{"start":{"line":288,"column":19},"end":{"line":288,"column":53}},"129":{"start":{"line":291,"column":4},"end":{"line":293,"column":5}},"130":{"start":{"line":292,"column":8},"end":{"line":292,"column":74}},"131":{"start":{"line":296,"column":4},"end":{"line":296,"column":45}},"132":{"start":{"line":297,"column":26},"end":{"line":297,"column":60}},"133":{"start":{"line":300,"column":4},"end":{"line":300,"column":27}},"134":{"start":{"line":301,"column":4},"end":{"line":301,"column":33}},"135":{"start":{"line":304,"column":4},"end":{"line":304,"column":51}},"136":{"start":{"line":306,"column":4},"end":{"line":306,"column":25}},"137":{"start":{"line":309,"column":4},"end":{"line":309,"column":48}},"138":{"start":{"line":312,"column":0},"end":{"line":312,"column":136}}},"fnMap":{"0":{"name":"(anonymous_0)","decl":{"start":{"line":9,"column":16},"end":{"line":9,"column":17}},"loc":{"start":{"line":9,"column":36},"end":{"line":37,"column":1}},"line":9},"1":{"name":"(anonymous_1)","decl":{"start":{"line":33,"column":17},"end":{"line":33,"column":18}},"loc":{"start":{"line":33,"column":32},"end":{"line":36,"column":5}},"line":33},"2":{"name":"(anonymous_2)","decl":{"start":{"line":40,"column":17},"end":{"line":40,"column":18}},"loc":{"start":{"line":40,"column":31},"end":{"line":60,"column":1}},"line":40},"3":{"name":"(anonymous_3)","decl":{"start":{"line":45,"column":18},"end":{"line":45,"column":19}},"loc":{"start":{"line":45,"column":33},"end":{"line":59,"column":5}},"line":45},"4":{"name":"(anonymous_4)","decl":{"start":{"line":53,"column":21},"end":{"line":53,"column":22}},"loc":{"start":{"line":53,"column":32},"end":{"line":55,"column":9}},"line":53},"5":{"name":"(anonymous_5)","decl":{"start":{"line":63,"column":20},"end":{"line":63,"column":21}},"loc":{"start":{"line":63,"column":34},"end":{"line":85,"column":1}},"line":63},"6":{"name":"(anonymous_6)","decl":{"start":{"line":71,"column":24},"end":{"line":71,"column":25}},"loc":{"start":{"line":71,"column":38},"end":{"line":84,"column":5}},"line":71},"7":{"name":"(anonymous_7)","decl":{"start":{"line":88,"column":22},"end":{"line":88,"column":23}},"loc":{"start":{"line":88,"column":42},"end":{"line":109,"column":1}},"line":88},"8":{"name":"(anonymous_8)","decl":{"start":{"line":101,"column":21},"end":{"line":101,"column":22}},"loc":{"start":{"line":101,"column":35},"end":{"line":108,"column":5}},"line":101},"9":{"name":"(anonymous_9)","decl":{"start":{"line":112,"column":20},"end":{"line":112,"column":21}},"loc":{"start":{"line":112,"column":34},"end":{"line":140,"column":1}},"line":112},"10":{"name":"(anonymous_10)","decl":{"start":{"line":122,"column":24},"end":{"line":122,"column":25}},"loc":{"start":{"line":122,"column":38},"end":{"line":139,"column":5}},"line":122},"11":{"name":"(anonymous_11)","decl":{"start":{"line":143,"column":19},"end":{"line":143,"column":20}},"loc":{"start":{"line":143,"column":33},"end":{"line":196,"column":1}},"line":143},"12":{"name":"(anonymous_12)","decl":{"start":{"line":151,"column":24},"end":{"line":151,"column":25}},"loc":{"start":{"line":151,"column":38},"end":{"line":195,"column":5}},"line":151},"13":{"name":"(anonymous_13)","decl":{"start":{"line":179,"column":30},"end":{"line":179,"column":31}},"loc":{"start":{"line":179,"column":47},"end":{"line":194,"column":9}},"line":179},"14":{"name":"(anonymous_14)","decl":{"start":{"line":199,"column":21},"end":{"line":199,"column":22}},"loc":{"start":{"line":199,"column":35},"end":{"line":237,"column":1}},"line":199},"15":{"name":"(anonymous_15)","decl":{"start":{"line":211,"column":24},"end":{"line":211,"column":25}},"loc":{"start":{"line":211,"column":39},"end":{"line":236,"column":5}},"line":211},"16":{"name":"(anonymous_16)","decl":{"start":{"line":240,"column":25},"end":{"line":240,"column":26}},"loc":{"start":{"line":240,"column":45},"end":{"line":269,"column":1}},"line":240},"17":{"name":"(anonymous_17)","decl":{"start":{"line":256,"column":26},"end":{"line":256,"column":27}},"loc":{"start":{"line":256,"column":43},"end":{"line":268,"column":5}},"line":256},"18":{"name":"(anonymous_18)","decl":{"start":{"line":272,"column":19},"end":{"line":272,"column":20}},"loc":{"start":{"line":272,"column":39},"end":{"line":310,"column":1}},"line":272}},"branchMap":{"0":{"loc":{"start":{"line":17,"column":4},"end":{"line":19,"column":5}},"type":"if","locations":[{"start":{"line":17,"column":4},"end":{"line":19,"column":5}},{"start":{},"end":{}}],"line":17},"1":{"loc":{"start":{"line":17,"column":8},"end":{"line":17,"column":56}},"type":"binary-expr","locations":[{"start":{"line":17,"column":8},"end":{"line":17,"column":30}},{"start":{"line":17,"column":34},"end":{"line":17,"column":56}}],"line":17},"2":{"loc":{"start":{"line":25,"column":15},"end":{"line":25,"column":60}},"type":"cond-expr","locations":[{"start":{"line":25,"column":39},"end":{"line":25,"column":43}},{"start":{"line":25,"column":46},"end":{"line":25,"column":60}}],"line":25},"3":{"loc":{"start":{"line":26,"column":15},"end":{"line":26,"column":60}},"type":"cond-expr","locations":[{"start":{"line":26,"column":39},"end":{"line":26,"column":43}},{"start":{"line":26,"column":46},"end":{"line":26,"column":60}}],"line":26},"4":{"loc":{"start":{"line":34,"column":8},"end":{"line":34,"column":47}},"type":"if","locations":[{"start":{"line":34,"column":8},"end":{"line":34,"column":47}},{"start":{},"end":{}}],"line":34},"5":{"loc":{"start":{"line":47,"column":8},"end":{"line":49,"column":9}},"type":"if","locations":[{"start":{"line":47,"column":8},"end":{"line":49,"column":9}},{"start":{},"end":{}}],"line":47},"6":{"loc":{"start":{"line":73,"column":8},"end":{"line":75,"column":9}},"type":"if","locations":[{"start":{"line":73,"column":8},"end":{"line":75,"column":9}},{"start":{},"end":{}}],"line":73},"7":{"loc":{"start":{"line":78,"column":8},"end":{"line":80,"column":9}},"type":"if","locations":[{"start":{"line":78,"column":8},"end":{"line":80,"column":9}},{"start":{},"end":{}}],"line":78},"8":{"loc":{"start":{"line":98,"column":4},"end":{"line":98,"column":83}},"type":"if","locations":[{"start":{"line":98,"column":4},"end":{"line":98,"column":83}},{"start":{},"end":{}}],"line":98},"9":{"loc":{"start":{"line":103,"column":8},"end":{"line":105,"column":9}},"type":"if","locations":[{"start":{"line":103,"column":8},"end":{"line":105,"column":9}},{"start":{},"end":{}}],"line":103},"10":{"loc":{"start":{"line":124,"column":8},"end":{"line":126,"column":9}},"type":"if","locations":[{"start":{"line":124,"column":8},"end":{"line":126,"column":9}},{"start":{},"end":{}}],"line":124},"11":{"loc":{"start":{"line":129,"column":8},"end":{"line":131,"column":9}},"type":"if","locations":[{"start":{"line":129,"column":8},"end":{"line":131,"column":9}},{"start":{},"end":{}}],"line":129},"12":{"loc":{"start":{"line":152,"column":8},"end":{"line":154,"column":9}},"type":"if","locations":[{"start":{"line":152,"column":8},"end":{"line":154,"column":9}},{"start":{},"end":{}}],"line":152},"13":{"loc":{"start":{"line":157,"column":8},"end":{"line":159,"column":9}},"type":"if","locations":[{"start":{"line":157,"column":8},"end":{"line":159,"column":9}},{"start":{},"end":{}}],"line":157},"14":{"loc":{"start":{"line":157,"column":12},"end":{"line":157,"column":69}},"type":"binary-expr","locations":[{"start":{"line":157,"column":12},"end":{"line":157,"column":29}},{"start":{"line":157,"column":33},"end":{"line":157,"column":49}},{"start":{"line":157,"column":53},"end":{"line":157,"column":69}}],"line":157},"15":{"loc":{"start":{"line":162,"column":8},"end":{"line":164,"column":9}},"type":"if","locations":[{"start":{"line":162,"column":8},"end":{"line":164,"column":9}},{"start":{},"end":{}}],"line":162},"16":{"loc":{"start":{"line":169,"column":8},"end":{"line":169,"column":68}},"type":"if","locations":[{"start":{"line":169,"column":8},"end":{"line":169,"column":68}},{"start":{},"end":{}}],"line":169},"17":{"loc":{"start":{"line":180,"column":12},"end":{"line":182,"column":13}},"type":"if","locations":[{"start":{"line":180,"column":12},"end":{"line":182,"column":13}},{"start":{},"end":{}}],"line":180},"18":{"loc":{"start":{"line":183,"column":12},"end":{"line":185,"column":13}},"type":"if","locations":[{"start":{"line":183,"column":12},"end":{"line":185,"column":13}},{"start":{},"end":{}}],"line":183},"19":{"loc":{"start":{"line":213,"column":8},"end":{"line":215,"column":9}},"type":"if","locations":[{"start":{"line":213,"column":8},"end":{"line":215,"column":9}},{"start":{},"end":{}}],"line":213},"20":{"loc":{"start":{"line":218,"column":8},"end":{"line":220,"column":9}},"type":"if","locations":[{"start":{"line":218,"column":8},"end":{"line":220,"column":9}},{"start":{},"end":{}}],"line":218},"21":{"loc":{"start":{"line":223,"column":8},"end":{"line":225,"column":9}},"type":"if","locations":[{"start":{"line":223,"column":8},"end":{"line":225,"column":9}},{"start":{},"end":{}}],"line":223},"22":{"loc":{"start":{"line":251,"column":4},"end":{"line":253,"column":5}},"type":"if","locations":[{"start":{"line":251,"column":4},"end":{"line":253,"column":5}},{"start":{},"end":{}}],"line":251},"23":{"loc":{"start":{"line":258,"column":8},"end":{"line":260,"column":9}},"type":"if","locations":[{"start":{"line":258,"column":8},"end":{"line":260,"column":9}},{"start":{},"end":{}}],"line":258},"24":{"loc":{"start":{"line":263,"column":8},"end":{"line":263,"column":86}},"type":"if","locations":[{"start":{"line":263,"column":8},"end":{"line":263,"column":86}},{"start":{},"end":{}}],"line":263},"25":{"loc":{"start":{"line":282,"column":4},"end":{"line":284,"column":5}},"type":"if","locations":[{"start":{"line":282,"column":4},"end":{"line":284,"column":5}},{"start":{},"end":{}}],"line":282},"26":{"loc":{"start":{"line":291,"column":4},"end":{"line":293,"column":5}},"type":"if","locations":[{"start":{"line":291,"column":4},"end":{"line":293,"column":5}},{"start":{},"end":{}}],"line":291},"27":{"loc":{"start":{"line":291,"column":7},"end":{"line":291,"column":72}},"type":"binary-expr","locations":[{"start":{"line":291,"column":7},"end":{"line":291,"column":31}},{"start":{"line":291,"column":35},"end":{"line":291,"column":72}}],"line":291}},"s":{"0":2,"1":2,"2":2,"3":2,"4":3,"5":3,"6":3,"7":3,"8":1,"9":2,"10":2,"11":2,"12":0,"13":2,"14":2,"15":1,"16":1,"17":1,"18":0,"19":1,"20":1,"21":51,"22":1,"23":2,"24":2,"25":2,"26":2,"27":2,"28":2,"29":0,"30":2,"31":1,"32":1,"33":2,"34":2,"35":2,"36":2,"37":2,"38":2,"39":1,"40":1,"41":1,"42":0,"43":1,"44":2,"45":2,"46":2,"47":2,"48":2,"49":2,"50":2,"51":0,"52":2,"53":1,"54":1,"55":1,"56":1,"57":2,"58":4,"59":4,"60":4,"61":4,"62":4,"63":4,"64":0,"65":4,"66":1,"67":3,"68":1,"69":2,"70":2,"71":1,"72":2,"73":2,"74":2,"75":2,"76":2,"77":2,"78":0,"79":2,"80":0,"81":2,"82":2,"83":2,"84":2,"85":2,"86":2,"87":2,"88":2,"89":2,"90":2,"91":2,"92":2,"93":2,"94":2,"95":0,"96":2,"97":1,"98":1,"99":0,"100":1,"101":1,"102":1,"103":1,"104":1,"105":1,"106":2,"107":2,"108":2,"109":2,"110":2,"111":2,"112":1,"113":1,"114":1,"115":0,"116":1,"117":1,"118":1,"119":1,"120":2,"121":2,"122":2,"123":2,"124":2,"125":2,"126":1,"127":1,"128":1,"129":1,"130":0,"131":1,"132":1,"133":1,"134":1,"135":1,"136":1,"137":1,"138":2},"f":{"0":3,"1":2,"2":1,"3":1,"4":51,"5":2,"6":2,"7":2,"8":1,"9":2,"10":2,"11":4,"12":4,"13":2,"14":2,"15":2,"16":2,"17":1,"18":2},"b":{"0":[1,2],"1":[3,3],"2":[0,2],"3":[0,2],"4":[0,2],"5":[0,1],"6":[0,2],"7":[1,1],"8":[1,1],"9":[0,1],"10":[0,2],"11":[1,1],"12":[0,4],"13":[1,3],"14":[4,3,3],"15":[1,2],"16":[1,1],"17":[0,2],"18":[0,2],"19":[0,2],"20":[1,1],"21":[0,1],"22":[1,1],"23":[0,1],"24":[1,0],"25":[1,1],"26":[0,1],"27":[1,1]},"_coverageSchema":"1a1c01bbd47fc00a2c39e90264f33305004495a9","hash":"d59a6bbb09103d90984347df55c1dbce89db9208"}
,"/home/alessandro/Desktop/SE2022-2023-Marostica-Masellis-Marchini/server/controllers/upload.js": {"path":"/home/alessandro/Desktop/SE2022-2023-Marostica-Masellis-Marchini/server/controllers/upload.js","statementMap":{"0":{"start":{"line":3,"column":13},"end":{"line":3,"column":28}},"1":{"start":{"line":5,"column":15},"end":{"line":22,"column":1}},"2":{"start":{"line":6,"column":4},"end":{"line":6,"column":34}},"3":{"start":{"line":8,"column":4},"end":{"line":10,"column":5}},"4":{"start":{"line":9,"column":8},"end":{"line":9,"column":65}},"5":{"start":{"line":12,"column":17},"end":{"line":12,"column":31}},"6":{"start":{"line":13,"column":22},"end":{"line":13,"column":54}},"7":{"start":{"line":15,"column":4},"end":{"line":21,"column":7}},"8":{"start":{"line":16,"column":8},"end":{"line":19,"column":9}},"9":{"start":{"line":17,"column":12},"end":{"line":17,"column":31}},"10":{"start":{"line":18,"column":12},"end":{"line":18,"column":68}},"11":{"start":{"line":20,"column":8},"end":{"line":20,"column":87}},"12":{"start":{"line":24,"column":0},"end":{"line":24,"column":28}}},"fnMap":{"0":{"name":"(anonymous_0)","decl":{"start":{"line":5,"column":15},"end":{"line":5,"column":16}},"loc":{"start":{"line":5,"column":29},"end":{"line":22,"column":1}},"line":5},"1":{"name":"(anonymous_1)","decl":{"start":{"line":15,"column":52},"end":{"line":15,"column":53}},"loc":{"start":{"line":15,"column":60},"end":{"line":21,"column":5}},"line":15}},"branchMap":{"0":{"loc":{"start":{"line":8,"column":4},"end":{"line":10,"column":5}},"type":"if","locations":[{"start":{"line":8,"column":4},"end":{"line":10,"column":5}},{"start":{},"end":{}}],"line":8},"1":{"loc":{"start":{"line":16,"column":8},"end":{"line":19,"column":9}},"type":"if","locations":[{"start":{"line":16,"column":8},"end":{"line":19,"column":9}},{"start":{},"end":{}}],"line":16}},"s":{"0":2,"1":2,"2":0,"3":0,"4":0,"5":0,"6":0,"7":0,"8":0,"9":0,"10":0,"11":0,"12":2},"f":{"0":0,"1":0},"b":{"0":[0,0],"1":[0,0]},"_coverageSchema":"1a1c01bbd47fc00a2c39e90264f33305004495a9","hash":"744be7dd0920dcb284a119bc412e9dfd88d4dcba"}
,"/home/alessandro/Desktop/SE2022-2023-Marostica-Masellis-Marchini/server/controllers/utente.js": {"path":"/home/alessandro/Desktop/SE2022-2023-Marostica-Masellis-Marchini/server/controllers/utente.js","statementMap":{"0":{"start":{"line":2,"column":15},"end":{"line":2,"column":42}},"1":{"start":{"line":3,"column":13},"end":{"line":3,"column":38}},"2":{"start":{"line":4,"column":22},"end":{"line":4,"column":56}},"3":{"start":{"line":5,"column":25},"end":{"line":5,"column":62}},"4":{"start":{"line":8,"column":0},"end":{"line":8,"column":27}},"5":{"start":{"line":9,"column":12},"end":{"line":9,"column":35}},"6":{"start":{"line":10,"column":15},"end":{"line":10,"column":34}},"7":{"start":{"line":11,"column":21},"end":{"line":11,"column":45}},"8":{"start":{"line":12,"column":25},"end":{"line":12,"column":60}},"9":{"start":{"line":15,"column":18},"end":{"line":65,"column":1}},"10":{"start":{"line":17,"column":4},"end":{"line":17,"column":50}},"11":{"start":{"line":20,"column":17},"end":{"line":20,"column":77}},"12":{"start":{"line":23,"column":19},"end":{"line":23,"column":59}},"13":{"start":{"line":26,"column":4},"end":{"line":28,"column":5}},"14":{"start":{"line":27,"column":8},"end":{"line":27,"column":118}},"15":{"start":{"line":29,"column":4},"end":{"line":31,"column":5}},"16":{"start":{"line":30,"column":8},"end":{"line":30,"column":141}},"17":{"start":{"line":32,"column":4},"end":{"line":34,"column":5}},"18":{"start":{"line":33,"column":8},"end":{"line":33,"column":163}},"19":{"start":{"line":37,"column":4},"end":{"line":64,"column":5}},"20":{"start":{"line":38,"column":26},"end":{"line":50,"column":10}},"21":{"start":{"line":53,"column":22},"end":{"line":53,"column":82}},"22":{"start":{"line":56,"column":8},"end":{"line":59,"column":11}},"23":{"start":{"line":57,"column":12},"end":{"line":57,"column":51}},"24":{"start":{"line":57,"column":21},"end":{"line":57,"column":51}},"25":{"start":{"line":58,"column":12},"end":{"line":58,"column":87}},"26":{"start":{"line":63,"column":8},"end":{"line":63,"column":72}},"27":{"start":{"line":68,"column":18},"end":{"line":89,"column":1}},"28":{"start":{"line":70,"column":21},"end":{"line":70,"column":36}},"29":{"start":{"line":72,"column":18},"end":{"line":72,"column":40}},"30":{"start":{"line":75,"column":4},"end":{"line":88,"column":7}},"31":{"start":{"line":78,"column":8},"end":{"line":80,"column":9}},"32":{"start":{"line":79,"column":12},"end":{"line":79,"column":74}},"33":{"start":{"line":82,"column":8},"end":{"line":87,"column":9}},"34":{"start":{"line":83,"column":12},"end":{"line":83,"column":79}},"35":{"start":{"line":86,"column":12},"end":{"line":86,"column":48}},"36":{"start":{"line":92,"column":18},"end":{"line":111,"column":1}},"37":{"start":{"line":94,"column":4},"end":{"line":94,"column":40}},"38":{"start":{"line":97,"column":4},"end":{"line":110,"column":7}},"39":{"start":{"line":99,"column":8},"end":{"line":109,"column":9}},"40":{"start":{"line":100,"column":12},"end":{"line":100,"column":42}},"41":{"start":{"line":102,"column":28},"end":{"line":102,"column":30}},"42":{"start":{"line":103,"column":12},"end":{"line":105,"column":15}},"43":{"start":{"line":104,"column":16},"end":{"line":104,"column":46}},"44":{"start":{"line":108,"column":12},"end":{"line":108,"column":63}},"45":{"start":{"line":114,"column":20},"end":{"line":136,"column":1}},"46":{"start":{"line":116,"column":21},"end":{"line":116,"column":38}},"47":{"start":{"line":117,"column":28},"end":{"line":117,"column":52}},"48":{"start":{"line":120,"column":18},"end":{"line":120,"column":47}},"49":{"start":{"line":121,"column":17},"end":{"line":121,"column":51}},"50":{"start":{"line":124,"column":4},"end":{"line":124,"column":90}},"51":{"start":{"line":124,"column":17},"end":{"line":124,"column":90}},"52":{"start":{"line":126,"column":4},"end":{"line":126,"column":65}},"53":{"start":{"line":129,"column":4},"end":{"line":130,"column":97}},"54":{"start":{"line":129,"column":58},"end":{"line":129,"column":102}},"55":{"start":{"line":130,"column":9},"end":{"line":130,"column":97}},"56":{"start":{"line":130,"column":71},"end":{"line":130,"column":95}},"57":{"start":{"line":132,"column":4},"end":{"line":132,"column":18}},"58":{"start":{"line":135,"column":4},"end":{"line":135,"column":98}},"59":{"start":{"line":139,"column":21},"end":{"line":168,"column":1}},"60":{"start":{"line":141,"column":28},"end":{"line":141,"column":43}},"61":{"start":{"line":142,"column":21},"end":{"line":142,"column":38}},"62":{"start":{"line":145,"column":16},"end":{"line":145,"column":38}},"63":{"start":{"line":146,"column":19},"end":{"line":146,"column":53}},"64":{"start":{"line":149,"column":4},"end":{"line":152,"column":5}},"65":{"start":{"line":150,"column":8},"end":{"line":150,"column":61}},"66":{"start":{"line":151,"column":8},"end":{"line":151,"column":67}},"67":{"start":{"line":155,"column":4},"end":{"line":155,"column":42}},"68":{"start":{"line":156,"column":4},"end":{"line":156,"column":36}},"69":{"start":{"line":159,"column":4},"end":{"line":159,"column":47}},"70":{"start":{"line":160,"column":4},"end":{"line":160,"column":34}},"71":{"start":{"line":163,"column":4},"end":{"line":163,"column":51}},"72":{"start":{"line":164,"column":4},"end":{"line":164,"column":43}},"73":{"start":{"line":165,"column":4},"end":{"line":165,"column":46}},"74":{"start":{"line":167,"column":4},"end":{"line":167,"column":27}},"75":{"start":{"line":171,"column":14},"end":{"line":206,"column":1}},"76":{"start":{"line":173,"column":19},"end":{"line":173,"column":36}},"77":{"start":{"line":174,"column":14},"end":{"line":174,"column":31}},"78":{"start":{"line":176,"column":16},"end":{"line":176,"column":38}},"79":{"start":{"line":179,"column":4},"end":{"line":205,"column":6}},"80":{"start":{"line":181,"column":8},"end":{"line":183,"column":9}},"81":{"start":{"line":182,"column":12},"end":{"line":182,"column":42}},"82":{"start":{"line":185,"column":8},"end":{"line":185,"column":28}},"83":{"start":{"line":188,"column":8},"end":{"line":190,"column":9}},"84":{"start":{"line":189,"column":12},"end":{"line":189,"column":74}},"85":{"start":{"line":193,"column":8},"end":{"line":204,"column":10}},"86":{"start":{"line":196,"column":12},"end":{"line":200,"column":13}},"87":{"start":{"line":197,"column":16},"end":{"line":197,"column":83}},"88":{"start":{"line":199,"column":16},"end":{"line":199,"column":82}},"89":{"start":{"line":203,"column":12},"end":{"line":203,"column":74}},"90":{"start":{"line":209,"column":15},"end":{"line":215,"column":1}},"91":{"start":{"line":212,"column":4},"end":{"line":212,"column":37}},"92":{"start":{"line":214,"column":4},"end":{"line":214,"column":34}},"93":{"start":{"line":218,"column":21},"end":{"line":234,"column":1}},"94":{"start":{"line":220,"column":21},"end":{"line":220,"column":38}},"95":{"start":{"line":221,"column":18},"end":{"line":221,"column":32}},"96":{"start":{"line":224,"column":4},"end":{"line":226,"column":5}},"97":{"start":{"line":225,"column":8},"end":{"line":225,"column":97}},"98":{"start":{"line":229,"column":18},"end":{"line":229,"column":40}},"99":{"start":{"line":230,"column":19},"end":{"line":230,"column":80}},"100":{"start":{"line":233,"column":4},"end":{"line":233,"column":43}},"101":{"start":{"line":237,"column":25},"end":{"line":262,"column":1}},"102":{"start":{"line":240,"column":4},"end":{"line":242,"column":5}},"103":{"start":{"line":241,"column":8},"end":{"line":241,"column":163}},"104":{"start":{"line":245,"column":21},"end":{"line":245,"column":38}},"105":{"start":{"line":247,"column":24},"end":{"line":247,"column":67}},"106":{"start":{"line":250,"column":18},"end":{"line":250,"column":40}},"107":{"start":{"line":251,"column":19},"end":{"line":251,"column":53}},"108":{"start":{"line":258,"column":4},"end":{"line":258,"column":34}},"109":{"start":{"line":259,"column":4},"end":{"line":259,"column":18}},"110":{"start":{"line":261,"column":4},"end":{"line":261,"column":34}},"111":{"start":{"line":265,"column":21},"end":{"line":281,"column":1}},"112":{"start":{"line":267,"column":21},"end":{"line":267,"column":38}},"113":{"start":{"line":268,"column":17},"end":{"line":268,"column":30}},"114":{"start":{"line":271,"column":4},"end":{"line":273,"column":5}},"115":{"start":{"line":272,"column":8},"end":{"line":272,"column":67}},"116":{"start":{"line":276,"column":18},"end":{"line":276,"column":40}},"117":{"start":{"line":277,"column":19},"end":{"line":277,"column":78}},"118":{"start":{"line":280,"column":4},"end":{"line":280,"column":48}},"119":{"start":{"line":284,"column":21},"end":{"line":300,"column":1}},"120":{"start":{"line":286,"column":21},"end":{"line":286,"column":38}},"121":{"start":{"line":287,"column":19},"end":{"line":287,"column":34}},"122":{"start":{"line":290,"column":4},"end":{"line":292,"column":5}},"123":{"start":{"line":291,"column":8},"end":{"line":291,"column":69}},"124":{"start":{"line":295,"column":18},"end":{"line":295,"column":40}},"125":{"start":{"line":296,"column":19},"end":{"line":296,"column":82}},"126":{"start":{"line":299,"column":4},"end":{"line":299,"column":52}},"127":{"start":{"line":302,"column":0},"end":{"line":302,"column":166}}},"fnMap":{"0":{"name":"(anonymous_0)","decl":{"start":{"line":15,"column":18},"end":{"line":15,"column":19}},"loc":{"start":{"line":15,"column":38},"end":{"line":65,"column":1}},"line":15},"1":{"name":"(anonymous_1)","decl":{"start":{"line":56,"column":23},"end":{"line":56,"column":24}},"loc":{"start":{"line":56,"column":38},"end":{"line":59,"column":9}},"line":56},"2":{"name":"(anonymous_2)","decl":{"start":{"line":68,"column":18},"end":{"line":68,"column":19}},"loc":{"start":{"line":68,"column":32},"end":{"line":89,"column":1}},"line":68},"3":{"name":"(anonymous_3)","decl":{"start":{"line":75,"column":23},"end":{"line":75,"column":24}},"loc":{"start":{"line":75,"column":40},"end":{"line":88,"column":5}},"line":75},"4":{"name":"(anonymous_4)","decl":{"start":{"line":92,"column":18},"end":{"line":92,"column":19}},"loc":{"start":{"line":92,"column":32},"end":{"line":111,"column":1}},"line":92},"5":{"name":"(anonymous_5)","decl":{"start":{"line":97,"column":20},"end":{"line":97,"column":21}},"loc":{"start":{"line":97,"column":35},"end":{"line":110,"column":5}},"line":97},"6":{"name":"(anonymous_6)","decl":{"start":{"line":103,"column":25},"end":{"line":103,"column":26}},"loc":{"start":{"line":103,"column":33},"end":{"line":105,"column":13}},"line":103},"7":{"name":"(anonymous_7)","decl":{"start":{"line":114,"column":20},"end":{"line":114,"column":21}},"loc":{"start":{"line":114,"column":40},"end":{"line":136,"column":1}},"line":114},"8":{"name":"(anonymous_8)","decl":{"start":{"line":130,"column":62},"end":{"line":130,"column":63}},"loc":{"start":{"line":130,"column":71},"end":{"line":130,"column":95}},"line":130},"9":{"name":"(anonymous_9)","decl":{"start":{"line":139,"column":21},"end":{"line":139,"column":22}},"loc":{"start":{"line":139,"column":41},"end":{"line":168,"column":1}},"line":139},"10":{"name":"(anonymous_10)","decl":{"start":{"line":171,"column":14},"end":{"line":171,"column":15}},"loc":{"start":{"line":171,"column":34},"end":{"line":206,"column":1}},"line":171},"11":{"name":"(anonymous_11)","decl":{"start":{"line":179,"column":26},"end":{"line":179,"column":27}},"loc":{"start":{"line":179,"column":43},"end":{"line":205,"column":5}},"line":179},"12":{"name":"(anonymous_12)","decl":{"start":{"line":193,"column":45},"end":{"line":193,"column":46}},"loc":{"start":{"line":193,"column":62},"end":{"line":204,"column":9}},"line":193},"13":{"name":"(anonymous_13)","decl":{"start":{"line":209,"column":15},"end":{"line":209,"column":16}},"loc":{"start":{"line":209,"column":35},"end":{"line":215,"column":1}},"line":209},"14":{"name":"(anonymous_14)","decl":{"start":{"line":218,"column":21},"end":{"line":218,"column":22}},"loc":{"start":{"line":218,"column":41},"end":{"line":234,"column":1}},"line":218},"15":{"name":"(anonymous_15)","decl":{"start":{"line":237,"column":25},"end":{"line":237,"column":26}},"loc":{"start":{"line":237,"column":45},"end":{"line":262,"column":1}},"line":237},"16":{"name":"(anonymous_16)","decl":{"start":{"line":265,"column":21},"end":{"line":265,"column":22}},"loc":{"start":{"line":265,"column":41},"end":{"line":281,"column":1}},"line":265},"17":{"name":"(anonymous_17)","decl":{"start":{"line":284,"column":21},"end":{"line":284,"column":22}},"loc":{"start":{"line":284,"column":41},"end":{"line":300,"column":1}},"line":284}},"branchMap":{"0":{"loc":{"start":{"line":26,"column":4},"end":{"line":28,"column":5}},"type":"if","locations":[{"start":{"line":26,"column":4},"end":{"line":28,"column":5}},{"start":{},"end":{}}],"line":26},"1":{"loc":{"start":{"line":29,"column":4},"end":{"line":31,"column":5}},"type":"if","locations":[{"start":{"line":29,"column":4},"end":{"line":31,"column":5}},{"start":{},"end":{}}],"line":29},"2":{"loc":{"start":{"line":32,"column":4},"end":{"line":34,"column":5}},"type":"if","locations":[{"start":{"line":32,"column":4},"end":{"line":34,"column":5}},{"start":{},"end":{}}],"line":32},"3":{"loc":{"start":{"line":37,"column":4},"end":{"line":64,"column":5}},"type":"if","locations":[{"start":{"line":37,"column":4},"end":{"line":64,"column":5}},{"start":{"line":61,"column":11},"end":{"line":64,"column":5}}],"line":37},"4":{"loc":{"start":{"line":57,"column":12},"end":{"line":57,"column":51}},"type":"if","locations":[{"start":{"line":57,"column":12},"end":{"line":57,"column":51}},{"start":{},"end":{}}],"line":57},"5":{"loc":{"start":{"line":78,"column":8},"end":{"line":80,"column":9}},"type":"if","locations":[{"start":{"line":78,"column":8},"end":{"line":80,"column":9}},{"start":{},"end":{}}],"line":78},"6":{"loc":{"start":{"line":82,"column":8},"end":{"line":87,"column":9}},"type":"if","locations":[{"start":{"line":82,"column":8},"end":{"line":87,"column":9}},{"start":{"line":84,"column":15},"end":{"line":87,"column":9}}],"line":82},"7":{"loc":{"start":{"line":99,"column":8},"end":{"line":109,"column":9}},"type":"if","locations":[{"start":{"line":99,"column":8},"end":{"line":109,"column":9}},{"start":{"line":101,"column":15},"end":{"line":109,"column":9}}],"line":99},"8":{"loc":{"start":{"line":124,"column":4},"end":{"line":124,"column":90}},"type":"if","locations":[{"start":{"line":124,"column":4},"end":{"line":124,"column":90}},{"start":{},"end":{}}],"line":124},"9":{"loc":{"start":{"line":129,"column":4},"end":{"line":130,"column":97}},"type":"if","locations":[{"start":{"line":129,"column":4},"end":{"line":130,"column":97}},{"start":{"line":130,"column":9},"end":{"line":130,"column":97}}],"line":129},"10":{"loc":{"start":{"line":149,"column":4},"end":{"line":152,"column":5}},"type":"if","locations":[{"start":{"line":149,"column":4},"end":{"line":152,"column":5}},{"start":{},"end":{}}],"line":149},"11":{"loc":{"start":{"line":149,"column":7},"end":{"line":149,"column":69}},"type":"binary-expr","locations":[{"start":{"line":149,"column":7},"end":{"line":149,"column":31}},{"start":{"line":149,"column":35},"end":{"line":149,"column":69}}],"line":149},"12":{"loc":{"start":{"line":181,"column":8},"end":{"line":183,"column":9}},"type":"if","locations":[{"start":{"line":181,"column":8},"end":{"line":183,"column":9}},{"start":{},"end":{}}],"line":181},"13":{"loc":{"start":{"line":188,"column":8},"end":{"line":190,"column":9}},"type":"if","locations":[{"start":{"line":188,"column":8},"end":{"line":190,"column":9}},{"start":{},"end":{}}],"line":188},"14":{"loc":{"start":{"line":196,"column":12},"end":{"line":200,"column":13}},"type":"if","locations":[{"start":{"line":196,"column":12},"end":{"line":200,"column":13}},{"start":{},"end":{}}],"line":196},"15":{"loc":{"start":{"line":224,"column":4},"end":{"line":226,"column":5}},"type":"if","locations":[{"start":{"line":224,"column":4},"end":{"line":226,"column":5}},{"start":{},"end":{}}],"line":224},"16":{"loc":{"start":{"line":240,"column":4},"end":{"line":242,"column":5}},"type":"if","locations":[{"start":{"line":240,"column":4},"end":{"line":242,"column":5}},{"start":{},"end":{}}],"line":240},"17":{"loc":{"start":{"line":271,"column":4},"end":{"line":273,"column":5}},"type":"if","locations":[{"start":{"line":271,"column":4},"end":{"line":273,"column":5}},{"start":{},"end":{}}],"line":271},"18":{"loc":{"start":{"line":271,"column":8},"end":{"line":271,"column":55}},"type":"binary-expr","locations":[{"start":{"line":271,"column":8},"end":{"line"
[...]
,"/home/alessandro/Desktop/SE2022-2023-Marostica-Masellis-Marchini/server/models/commento_post.js": {"path":"/home/alessandro/Desktop/SE2022-2023-Marostica-Masellis-Marchini/server/models/commento_post.js","statementMap":{"0":{"start":{"line":3,"column":17},"end":{"line":3,"column":36}},"1":{"start":{"line":5,"column":28},"end":{"line":14,"column":2}},"2":{"start":{"line":16,"column":23},"end":{"line":16,"column":76}},"3":{"start":{"line":17,"column":0},"end":{"line":17,"column":32}}},"fnMap":{},"branchMap":{},"s":{"0":2,"1":2,"2":2,"3":2},"f":{},"b":{},"_coverageSchema":"1a1c01bbd47fc00a2c39e90264f33305004495a9","hash":"bf981742d06aeda8e65598109946e790d852dc4b"}
,"/home/alessandro/Desktop/SE2022-2023-Marostica-Masellis-Marchini/server/models/commento_profilo.js": {"path":"/home/alessandro/Desktop/SE2022-2023-Marostica-Masellis-Marchini/server/models/commento_profilo.js","statementMap":{"0":{"start":{"line":3,"column":17},"end":{"line":3,"column":36}},"1":{"start":{"line":5,"column":31},"end":{"line":15,"column":2}},"2":{"start":{"line":17,"column":26},"end":{"line":17,"column":86}},"3":{"start":{"line":18,"column":0},"end":{"line":18,"column":35}}},"fnMap":{},"branchMap":{},"s":{"0":2,"1":2,"2":2,"3":2},"f":{},"b":{},"_coverageSchema":"1a1c01bbd47fc00a2c39e90264f33305004495a9","hash":"88baebf9f9cdba5f42fa0f5b637b9078554cb6c1"}
,"/home/alessandro/Desktop/SE2022-2023-Marostica-Masellis-Marchini/server/models/post.js": {"path":"/home/alessandro/Desktop/SE2022-2023-Marostica-Masellis-Marchini/server/models/post.js","statementMap":{"0":{"start":{"line":3,"column":17},"end":{"line":3,"column":36}},"1":{"start":{"line":5,"column":19},"end":{"line":18,"column":2}},"2":{"start":{"line":20,"column":13},"end":{"line":20,"column":47}},"3":{"start":{"line":21,"column":0},"end":{"line":21,"column":22}}},"fnMap":{},"branchMap":{},"s":{"0":2,"1":2,"2":2,"3":2},"f":{},"b":{},"_coverageSchema":"1a1c01bbd47fc00a2c39e90264f33305004495a9","hash":"59324a3d0e549b5eb806ef5254870c0a59373ca2"}
,"/home/alessandro/Desktop/SE2022-2023-Marostica-Masellis-Marchini/server/models/utente.js": {"path":"/home/alessandro/Desktop/SE2022-2023-Marostica-Masellis-Marchini/server/models/utente.js","statementMap":{"0":{"start":{"line":3,"column":17},"end":{"line":3,"column":36}},"1":{"start":{"line":5,"column":21},"end":{"line":21,"column":2}},"2":{"start":{"line":23,"column":15},"end":{"line":23,"column":53}},"3":{"start":{"line":24,"column":0},"end":{"line":24,"column":24}}},"fnMap":{},"branchMap":{},"s":{"0":2,"1":2,"2":2,"3":2},"f":{},"b":{},"_coverageSchema":"1a1c01bbd47fc00a2c39e90264f33305004495a9","hash":"382ade0bb8cccfefefe04b0f22861eec510f5658"}
,"/home/alessandro/Desktop/SE2022-2023-Marostica-Masellis-Marchini/server/routes/commento_post.js": {"path":"/home/alessandro/Desktop/SE2022-2023-Marostica-Masellis-Marchini/server/routes/commento_post.js","statementMap":{"0":{"start":{"line":1,"column":16},"end":{"line":1,"column":34}},"1":{"start":{"line":2,"column":13},"end":{"line":2,"column":42}},"2":{"start":{"line":3,"column":21},"end":{"line":3,"column":58}},"3":{"start":{"line":5,"column":15},"end":{"line":5,"column":31}},"4":{"start":{"line":6,"column":26},"end":{"line":6,"column":65}},"5":{"start":{"line":11,"column":0},"end":{"line":11,"column":87}},"6":{"start":{"line":12,"column":0},"end":{"line":12,"column":96}},"7":{"start":{"line":15,"column":0},"end":{"line":15,"column":90}},"8":{"start":{"line":18,"column":0},"end":{"line":18,"column":101}},"9":{"start":{"line":19,"column":0},"end":{"line":19,"column":99}},"10":{"start":{"line":20,"column":0},"end":{"line":20,"column":103}},"11":{"start":{"line":23,"column":0},"end":{"line":23,"column":99}},"12":{"start":{"line":25,"column":0},"end":{"line":25,"column":24}}},"fnMap":{},"branchMap":{},"s":{"0":2,"1":2,"2":2,"3":2,"4":2,"5":2,"6":2,"7":2,"8":2,"9":2,"10":2,"11":2,"12":2},"f":{},"b":{},"_coverageSchema":"1a1c01bbd47fc00a2c39e90264f33305004495a9","hash":"fe84e0cad27306d6a8f0d534f48ccbff24cc6cd7"}
,"/home/alessandro/Desktop/SE2022-2023-Marostica-Masellis-Marchini/server/routes/commento_profilo.js": {"path":"/home/alessandro/Desktop/SE2022-2023-Marostica-Masellis-Marchini/server/routes/commento_profilo.js","statementMap":{"0":{"start":{"line":1,"column":16},"end":{"line":1,"column":34}},"1":{"start":{"line":2,"column":13},"end":{"line":2,"column":42}},"2":{"start":{"line":3,"column":21},"end":{"line":3,"column":58}},"3":{"start":{"line":5,"column":15},"end":{"line":5,"column":31}},"4":{"start":{"line":6,"column":26},"end":{"line":6,"column":68}},"5":{"start":{"line":11,"column":0},"end":{"line":11,"column":93}},"6":{"start":{"line":12,"column":0},"end":{"line":12,"column":99}},"7":{"start":{"line":15,"column":0},"end":{"line":15,"column":96}},"8":{"start":{"line":18,"column":0},"end":{"line":18,"column":107}},"9":{"start":{"line":19,"column":0},"end":{"line":19,"column":105}},"10":{"start":{"line":20,"column":0},"end":{"line":20,"column":109}},"11":{"start":{"line":23,"column":0},"end":{"line":23,"column":105}},"12":{"start":{"line":25,"column":0},"end":{"line":25,"column":24}}},"fnMap":{},"branchMap":{},"s":{"0":2,"1":2,"2":2,"3":2,"4":2,"5":2,"6":2,"7":2,"8":2,"9":2,"10":2,"11":2,"12":2},"f":{},"b":{},"_coverageSchema":"1a1c01bbd47fc00a2c39e90264f33305004495a9","hash":"5f12bf39073795ea42f0aa32e3c28da53083d58d"}
,"/home/alessandro/Desktop/SE2022-2023-Marostica-Masellis-Marchini/server/routes/post.js": {"path":"/home/alessandro/Desktop/SE2022-2023-Marostica-Masellis-Marchini/server/routes/post.js","statementMap":{"0":{"start":{"line":1,"column":16},"end":{"line":1,"column":34}},"1":{"start":{"line":2,"column":13},"end":{"line":2,"column":42}},"2":{"start":{"line":3,"column":21},"end":{"line":3,"column":58}},"3":{"start":{"line":5,"column":15},"end":{"line":5,"column":31}},"4":{"start":{"line":6,"column":23},"end":{"line":6,"column":53}},"5":{"start":{"line":11,"column":0},"end":{"line":11,"column":64}},"6":{"start":{"line":12,"column":0},"end":{"line":12,"column":73}},"7":{"start":{"line":13,"column":0},"end":{"line":13,"column":79}},"8":{"start":{"line":16,"column":0},"end":{"line":16,"column":69}},"9":{"start":{"line":19,"column":0},"end":{"line":19,"column":80}},"10":{"start":{"line":20,"column":0},"end":{"line":20,"column":78}},"11":{"start":{"line":21,"column":0},"end":{"line":21,"column":82}},"12":{"start":{"line":22,"column":0},"end":{"line":22,"column":94}},"13":{"start":{"line":25,"column":0},"end":{"line":25,"column":78}},"14":{"start":{"line":27,"column":0},"end":{"line":27,"column":24}}},"fnMap":{},"branchMap":{},"s":{"0":2,"1":2,"2":2,"3":2,"4":2,"5":2,"6":2,"7":2,"8":2,"9":2,"10":2,"11":2,"12":2,"13":2,"14":2},"f":{},"b":{},"_coverageSchema":"1a1c01bbd47fc00a2c39e90264f33305004495a9","hash":"39008ee98dfa4f5ab157364864ea8cc6131619de"}
,"/home/alessandro/Desktop/SE2022-2023-Marostica-Masellis-Marchini/server/routes/upload.js": {"path":"/home/alessandro/Desktop/SE2022-2023-Marostica-Masellis-Marchini/server/routes/upload.js","statementMap":{"0":{"start":{"line":1,"column":16},"end":{"line":1,"column":34}},"1":{"start":{"line":2,"column":13},"end":{"line":2,"column":42}},"2":{"start":{"line":4,"column":15},"end":{"line":4,"column":31}},"3":{"start":{"line":5,"column":25},"end":{"line":5,"column":57}},"4":{"start":{"line":10,"column":0},"end":{"line":10,"column":58}},"5":{"start":{"line":12,"column":0},"end":{"line":12,"column":24}}},"fnMap":{},"branchMap":{},"s":{"0":2,"1":2,"2":2,"3":2,"4":2,"5":2},"f":{},"b":{},"_coverageSchema":"1a1c01bbd47fc00a2c39e90264f33305004495a9","hash":"87901ef32087353bbea33ec7661e7ce6c366aa06"}
,"/home/alessandro/Desktop/SE2022-2023-Marostica-Masellis-Marchini/server/routes/utente.js": {"path":"/home/alessandro/Desktop/SE2022-2023-Marostica-Masellis-Marchini/server/routes/utente.js","statementMap":{"0":{"start":{"line":1,"column":16},"end":{"line":1,"column":34}},"1":{"start":{"line":2,"column":13},"end":{"line":2,"column":42}},"2":{"start":{"line":3,"column":21},"end":{"line":3,"column":58}},"3":{"start":{"line":5,"column":15},"end":{"line":5,"column":31}},"4":{"start":{"line":6,"column":23},"end":{"line":6,"column":55}},"5":{"start":{"line":11,"column":0},"end":{"line":11,"column":72}},"6":{"start":{"line":12,"column":0},"end":{"line":12,"column":66}},"7":{"start":{"line":15,"column":0},"end":{"line":15,"column":67}},"8":{"start":{"line":18,"column":0},"end":{"line":18,"column":68}},"9":{"start":{"line":19,"column":0},"end":{"line":19,"column":70}},"10":{"start":{"line":20,"column":0},"end":{"line":20,"column":80}},"11":{"start":{"line":21,"column":0},"end":{"line":21,"column":88}},"12":{"start":{"line":22,"column":0},"end":{"line":22,"column":96}},"13":{"start":{"line":23,"column":0},"end":{"line":23,"column":88}},"14":{"start":{"line":24,"column":0},"end":{"line":24,"column":88}},"15":{"start":{"line":27,"column":0},"end":{"line":27,"column":84}},"16":{"start":{"line":29,"column":0},"end":{"line":29,"column":24}}},"fnMap":{},"branchMap":{},"s":{"0":2,"1":2,"2":2,"3":2,"4":2,"5":2,"6":2,"7":2,"8":2,"9":2,"10":2,"11":2,"12":2,"13":2,"14":2,"15":2,"16":2},"f":{},"b":{},"_coverageSchema":"1a1c01bbd47fc00a2c39e90264f33305004495a9","hash":"0353d4860ad6e974c191c3056ad6334ab35115db"}
,"/home/alessandro/Desktop/SE2022-2023-Marostica-Masellis-Marchini/server/util/textRequirements.js": {"path":"/home/alessandro/Desktop/SE2022-2023-Marostica-Masellis-Marchini/server/util/textRequirements.js","statementMap":{"0":{"start":{"line":4,"column":18},"end":{"line":19,"column":1}},"1":{"start":{"line":5,"column":4},"end":{"line":8,"column":5}},"2":{"start":{"line":7,"column":8},"end":{"line":7,"column":17}},"3":{"start":{"line":9,"column":4},"end":{"line":12,"column":5}},"4":{"start":{"line":11,"column":8},"end":{"line":11,"column":17}},"5":{"start":{"line":13,"column":4},"end":{"line":16,"column":5}},"6":{"start":{"line":15,"column":8},"end":{"line":15,"column":17}},"7":{"start":{"line":18,"column":4},"end":{"line":18,"column":13}},"8":{"start":{"line":22,"column":22},"end":{"line":56,"column":1}},"9":{"start":{"line":24,"column":17},"end":{"line":24,"column":28}},"10":{"start":{"line":26,"column":12},"end":{"line":26,"column":13}},"11":{"start":{"line":27,"column":12},"end":{"line":27,"column":13}},"12":{"start":{"line":28,"column":12},"end":{"line":28,"column":13}},"13":{"start":{"line":29,"column":12},"end":{"line":29,"column":13}},"14":{"start":{"line":31,"column":4},"end":{"line":31,"column":24}},"15":{"start":{"line":33,"column":4},"end":{"line":48,"column":5}},"16":{"start":{"line":33,"column":14},"end":{"line":33,"column":15}},"17":{"start":{"line":34,"column":8},"end":{"line":47,"column":9}},"18":{"start":{"line":36,"column":16},"end":{"line":36,"column":20}},"19":{"start":{"line":37,"column":16},"end":{"line":37,"column":22}},"20":{"start":{"line":39,"column":16},"end":{"line":39,"column":20}},"21":{"start":{"line":40,"column":16},"end":{"line":40,"column":22}},"22":{"start":{"line":42,"column":16},"end":{"line":42,"column":19}},"23":{"start":{"line":43,"column":16},"end":{"line":43,"column":22}},"24":{"start":{"line":45,"column":16},"end":{"line":45,"column":19}},"25":{"start":{"line":46,"column":16},"end":{"line":46,"column":22}},"26":{"start":{"line":51,"column":4},"end":{"line":53,"column":5}},"27":{"start":{"line":52,"column":8},"end":{"line":52,"column":21}},"28":{"start":{"line":55,"column":4},"end":{"line":55,"column":16}},"29":{"start":{"line":59,"column":18},"end":{"line":69,"column":1}},"30":{"start":{"line":61,"column":20},"end":{"line":61,"column":38}},"31":{"start":{"line":64,"column":4},"end":{"line":66,"column":5}},"32":{"start":{"line":65,"column":8},"end":{"line":65,"column":21}},"33":{"start":{"line":68,"column":4},"end":{"line":68,"column":16}},"34":{"start":{"line":72,"column":22},"end":{"line":91,"column":1}},"35":{"start":{"line":74,"column":18},"end":{"line":74,"column":33}},"36":{"start":{"line":75,"column":14},"end":{"line":75,"column":19}},"37":{"start":{"line":77,"column":4},"end":{"line":77,"column":32}},"38":{"start":{"line":79,"column":4},"end":{"line":83,"column":5}},"39":{"start":{"line":79,"column":14},"end":{"line":79,"column":15}},"40":{"start":{"line":80,"column":8},"end":{"line":82,"column":9}},"41":{"start":{"line":81,"column":12},"end":{"line":81,"column":23}},"42":{"start":{"line":86,"column":4},"end":{"line":88,"column":5}},"43":{"start":{"line":87,"column":8},"end":{"line":87,"column":21}},"44":{"start":{"line":90,"column":4},"end":{"line":90,"column":16}},"45":{"start":{"line":94,"column":26},"end":{"line":97,"column":1}},"46":{"start":{"line":96,"column":4},"end":{"line":96,"column":26}},"47":{"start":{"line":99,"column":0},"end":{"line":99,"column":79}}},"fnMap":{"0":{"name":"(anonymous_0)","decl":{"start":{"line":4,"column":18},"end":{"line":4,"column":19}},"loc":{"start":{"line":4,"column":28},"end":{"line":19,"column":1}},"line":4},"1":{"name":"(anonymous_1)","decl":{"start":{"line":22,"column":22},"end":{"line":22,"column":23}},"loc":{"start":{"line":22,"column":32},"end":{"line":56,"column":1}},"line":22},"2":{"name":"(anonymous_2)","decl":{"start":{"line":59,"column":18},"end":{"line":59,"column":19}},"loc":{"start":{"line":59,"column":28},"end":{"line":69,"column":1}},"line":59},"3":{"name":"(anonymous_3)","decl":{"start":{"line":72,"column":22},"end":{"line":72,"column":23}},"loc":{"start":{"line":72,"column":36},"end":{"line":91,"column":1}},"line":72},"4":{"name":"(anonymous_4)","decl":{"start":{"line":94,"column":26},"end":{"line":94,"column":27}},"loc":{"start":{"line":94,"column":44},"end":{"line":97,"column":1}},"line":94}},"branchMap":{"0":{"loc":{"start":{"line":5,"column":4},"end":{"line":8,"column":5}},"type":"if","locations":[{"start":{"line":5,"column":4},"end":{"line":8,"column":5}},{"start":{},"end":{}}],"line":5},"1":{"loc":{"start":{"line":5,"column":7},"end":{"line":5,"column":29}},"type":"binary-expr","locations":[{"start":{"line":5,"column":7},"end":{"line":5,"column":16}},{"start":{"line":5,"column":20},"end":{"line":5,"column":29}}],"line":5},"2":{"loc":{"start":{"line":9,"column":4},"end":{"line":12,"column":5}},"type":"if","locations":[{"start":{"line":9,"column":4},"end":{"line":12,"column":5}},{"start":{},"end":{}}],"line":9},"3":{"loc":{"start":{"line":9,"column":7},"end":{"line":9,"column":29}},"type":"binary-expr","locations":[{"start":{"line":9,"column":7},"end":{"line":9,"column":16}},{"start":{"line":9,"column":20},"end":{"line":9,"column":29}}],"line":9},"4":{"loc":{"start":{"line":13,"column":4},"end":{"line":16,"column":5}},"type":"if","locations":[{"start":{"line":13,"column":4},"end":{"line":16,"column":5}},{"start":{},"end":{}}],"line":13},"5":{"loc":{"start":{"line":13,"column":7},"end":{"line":13,"column":29}},"type":"binary-expr","locations":[{"start":{"line":13,"column":7},"end":{"line":13,"column":16}},{"start":{"line":13,"column":20},"end":{"line":13,"column":29}}],"line":13},"6":{"loc":{"start":{"line":34,"column":8},"end":{"line":47,"column":9}},"type":"switch","locations":[{"start":{"line":35,"column":12},"end":{"line":37,"column":22}},{"start":{"line":38,"column":12},"end":{"line":40,"column":22}},{"start":{"line":41,"column":12},"end":{"line":43,"column":22}},{"start":{"line":44,"column":12},"end":{"line":46,"column":22}}],"line":34},"7":{"loc":{"start":{"line":51,"column":4},"end":{"line":53,"column":5}},"type":"if","locations":[{"start":{"line":51,"column":4},"end":{"line":53,"column":5}},{"start":{},"end":{}}],"line":51},"8":{"loc":{"start":{"line":51,"column":7},"end":{"line":51,"column":46}},"type":"binary-expr","locations":[{"start":{"line":51,"column":7},"end":{"line":51,"column":11}},{"start":{"line":51,"column":15},"end":{"line":51,"column":19}},{"start":{"line":51,"column":23},"end":{"line":51,"column":27}},{"start":{"line":51,"column":31},"end":{"line":51,"column":35}},{"start":{"line":51,"column":39},"end":{"line":51,"column":46}}],"line":51},"9":{"loc":{"start":{"line":64,"column":4},"end":{"line":66,"column":5}},"type":"if","locations":[{"start":{"line":64,"column":4},"end":{"line":66,"column":5}},{"start":{},"end":{}}],"line":64},"10":{"loc":{"start":{"line":80,"column":8},"end":{"line":82,"column":9}},"type":"if","locations":[{"start":{"line":80,"column":8},"end":{"line":82,"column":9}},{"start":{},"end":{}}],"line":80},"11":{"loc":{"start":{"line":80,"column":11},"end":{"line":80,"column":47}},"type":"binary-expr","locations":[{"start":{"line":80,"column":11},"end":{"line":80,"column":27}},{"start":{"line":80,"column":31},"end":{"line":80,"column":47}}],"line":80},"12":{"loc":{"start":{"line":86,"column":4},"end":{"line":88,"column":5}},"type":"if","locations":[{"start":{"line":86,"column":4},"end":{"line":88,"column":5}},{"start":{},"end":{}}],"line":86},"13":{"loc":{"start":{"line":86,"column":7},"end":{"line":86,"column":21}},"type":"binary-expr","locations":[{"start":{"line":86,"column":7},"end":{"line":86,"column":10}},{"start":{"line":86,"column":14},"end":{"line":86,"column":21}}],"line":86}},"s":{"0":2,"1":99,"2":9,"3":90,"4":66,"5":24,"6":18,"7":6,"8":2,"9":7,"10":7,"11":7,"12":7,"13":7,"14":7,"15":7,"16":7,"17":99,"18":9,"19":9,"20":66,"21":66,"22":18,"23":18,"24":6,"25":6,"26":7,"27":2,"28":5,"29":2,"30":9,"31":9,"32":2,"33":7,"34":2,"35":6,"36":6,"37":6,"38":6,"39":6,"40":32,"41":0,"42":6,"43":1,"44":5,"45":2,"46":0,"47":2},"f":{"0":99,"1":7,"2":9,"3":6,"4":0},"b":{"0":[9,90],"1":[99,75],"2":[66,24],"3":[90,66],"4":[18,6],"5":[24,18],"6":[9,66,18,6],"7":[2,5],"8":[7,6,6,6,5],"9":[2,7],"10":[0,32],"11":[32,32],"12":[1,5],"13":[6,6]},"_coverageSchema":"1a1c01bbd47fc00a2c39e90264f33305004495a9","hash":"87d7f3b50e41944340ea2d44101bfc108b7a21b7"}
,"/home/alessandro/Desktop/SE2022-2023-Marostica-Masellis-Marchini/server/util/token.js": {"path":"/home/alessandro/Desktop/SE2022-2023-Marostica-Masellis-Marchini/server/util/token.js","statementMap":{"0":{"start":{"line":3,"column":0},"end":{"line":3,"column":27}},"1":{"start":{"line":4,"column":12},"end":{"line":4,"column":35}},"2":{"start":{"line":7,"column":18},"end":{"line":15,"column":1}},"3":{"start":{"line":9,"column":18},"end":{"line":9,"column":79}},"4":{"start":{"line":10,"column":4},"end":{"line":13,"column":7}},"5":{"start":{"line":14,"column":4},"end":{"line":14,"column":17}},"6":{"start":{"line":17,"column":0},"end":{"line":17,"column":31}}},"fnMap":{"0":{"name":"(anonymous_0)","decl":{"start":{"line":7,"column":18},"end":{"line":7,"column":19}},"loc":{"start":{"line":7,"column":33},"end":{"line":15,"column":1}},"line":7}},"branchMap":{},"s":{"0":2,"1":2,"2":2,"3":47,"4":47,"5":47,"6":2},"f":{"0":47},"b":{},"_coverageSchema":"1a1c01bbd47fc00a2c39e90264f33305004495a9","hash":"36f0171322876c501ff12a2ff90928946a1d5cda"}
}
