TN:
SF:server/server.js
FN:25,connectToDatabase
FN:38,(anonymous_1)
FN:42,(anonymous_2)
FNF:3
FNH:2
FNDA:4,connectToDatabase
FNDA:0,(anonymous_1)
FNDA:4,(anonymous_2)
DA:2,4
DA:3,4
DA:4,4
DA:5,4
DA:6,4
DA:7,4
DA:8,4
DA:10,4
DA:11,4
DA:12,4
DA:15,4
DA:16,4
DA:17,4
DA:21,4
DA:22,4
DA:26,4
DA:27,4
DA:31,4
DA:33,0
DA:36,4
DA:38,4
DA:39,0
DA:42,4
DA:43,4
DA:47,4
DA:48,4
DA:49,4
DA:50,4
DA:51,4
DA:54,4
DA:55,4
DA:57,4
LF:32
LH:30
BRF:0
BRH:0
end_of_record
TN:
SF:server/controllers/commento_post.js
FN:10,(anonymous_0)
FN:25,(anonymous_1)
FN:38,(anonymous_2)
FN:47,(anonymous_3)
FN:55,(anonymous_4)
FN:73,(anonymous_5)
FN:78,(anonymous_6)
FN:86,(anonymous_7)
FN:96,(anonymous_8)
FN:106,(anonymous_9)
FN:114,(anonymous_10)
FN:125,(anonymous_11)
FN:139,(anonymous_12)
FN:159,(anonymous_13)
FN:167,(anonymous_14)
FN:188,(anonymous_15)
FN:197,(anonymous_16)
FN:206,(anonymous_17)
FN:228,(anonymous_18)
FN:236,(anonymous_19)
FN:265,(anonymous_20)
FNF:21
FNH:20
FNDA:2,(anonymous_0)
FNDA:2,(anonymous_1)
FNDA:2,(anonymous_2)
FNDA:2,(anonymous_3)
FNDA:2,(anonymous_4)
FNDA:1,(anonymous_5)
FNDA:1,(anonymous_6)
FNDA:0,(anonymous_7)
FNDA:3,(anonymous_8)
FNDA:3,(anonymous_9)
FNDA:3,(anonymous_10)
FNDA:2,(anonymous_11)
FNDA:1,(anonymous_12)
FNDA:2,(anonymous_13)
FNDA:2,(anonymous_14)
FNDA:2,(anonymous_15)
FNDA:2,(anonymous_16)
FNDA:2,(anonymous_17)
FNDA:4,(anonymous_18)
FNDA:4,(anonymous_19)
FNDA:2,(anonymous_20)
DA:2,4
DA:3,4
DA:4,4
DA:7,4
DA:10,4
DA:12,2
DA:13,2
DA:16,2
DA:25,2
DA:27,2
DA:28,0
DA:31,2
DA:32,2
DA:33,2
DA:35,2
DA:38,2
DA:39,2
DA:41,2
DA:47,4
DA:49,2
DA:50,2
DA:52,2
DA:55,2
DA:57,2
DA:58,0
DA:62,2
DA:63,1
DA:67,1
DA:68,1
DA:73,4
DA:75,1
DA:78,1
DA:80,1
DA:81,0
DA:84,1
DA:86,1
DA:87,0
DA:91,1
DA:96,4
DA:98,3
DA:100,3
DA:102,3
DA:103,3
DA:106,3
DA:108,3
DA:109,0
DA:111,3
DA:114,3
DA:116,3
DA:117,0
DA:120,3
DA:121,1
DA:125,2
DA:127,2
DA:128,0
DA:130,2
DA:132,2
DA:135,2
DA:136,2
DA:139,2
DA:141,1
DA:142,0
DA:144,1
DA:145,1
DA:149,2
DA:159,4
DA:161,2
DA:162,2
DA:164,2
DA:167,2
DA:169,2
DA:170,0
DA:174,2
DA:175,1
DA:179,1
DA:180,1
DA:183,1
DA:188,4
DA:190,2
DA:191,2
DA:192,2
DA:194,2
DA:197,2
DA:199,2
DA:200,0
DA:203,2
DA:206,2
DA:208,2
DA:209,0
DA:213,2
DA:214,1
DA:218,1
DA:219,1
DA:222,1
DA:228,4
DA:230,4
DA:231,4
DA:232,4
DA:233,4
DA:236,4
DA:238,4
DA:239,0
DA:243,4
DA:244,1
DA:248,3
DA:249,1
DA:254,2
DA:255,2
DA:258,2
DA:259,2
DA:260,2
DA:262,2
DA:265,2
DA:266,2
DA:267,0
DA:271,2
DA:272,0
DA:276,2
DA:278,2
DA:279,2
DA:282,2
DA:287,4
LF:122
LH:108
BRDA:27,0,0,0
BRDA:27,0,1,2
BRDA:39,1,0,0
BRDA:39,1,1,2
BRDA:57,2,0,0
BRDA:57,2,1,2
BRDA:62,3,0,1
BRDA:62,3,1,1
BRDA:80,4,0,0
BRDA:80,4,1,1
BRDA:108,5,0,0
BRDA:108,5,1,3
BRDA:116,6,0,0
BRDA:116,6,1,3
BRDA:120,7,0,1
BRDA:120,7,1,2
BRDA:120,8,0,3
BRDA:120,8,1,3
BRDA:127,9,0,0
BRDA:127,9,1,2
BRDA:141,10,0,0
BRDA:141,10,1,1
BRDA:169,11,0,0
BRDA:169,11,1,2
BRDA:174,12,0,1
BRDA:174,12,1,1
BRDA:199,13,0,0
BRDA:199,13,1,2
BRDA:208,14,0,0
BRDA:208,14,1,2
BRDA:213,15,0,1
BRDA:213,15,1,1
BRDA:213,16,0,2
BRDA:213,16,1,2
BRDA:238,17,0,0
BRDA:238,17,1,4
BRDA:243,18,0,1
BRDA:243,18,1,3
BRDA:248,19,0,1
BRDA:248,19,1,2
BRDA:248,20,0,3
BRDA:248,20,1,2
BRDA:248,20,2,2
BRDA:255,21,0,1
BRDA:255,21,1,1
BRDA:266,22,0,0
BRDA:266,22,1,2
BRDA:271,23,0,0
BRDA:271,23,1,2
BRF:49
BRH:35
end_of_record
TN:
SF:server/controllers/commento_profilo.js
FN:9,(anonymous_0)
FN:25,(anonymous_1)
FN:32,(anonymous_2)
FN:40,(anonymous_3)
FN:57,(anonymous_4)
FN:62,(anonymous_5)
FN:70,(anonymous_6)
FN:80,(anonymous_7)
FN:90,(anonymous_8)
FN:98,(anonymous_9)
FN:112,(anonymous_10)
FN:136,(anonymous_11)
FN:144,(anonymous_12)
FN:165,(anonymous_13)
FN:175,(anonymous_14)
FN:189,(anonymous_15)
FN:212,(anonymous_16)
FN:220,(anonymous_17)
FN:249,(anonymous_18)
FNF:19
FNH:19
FNDA:2,(anonymous_0)
FNDA:2,(anonymous_1)
FNDA:2,(anonymous_2)
FNDA:2,(anonymous_3)
FNDA:1,(anonymous_4)
FNDA:1,(anonymous_5)
FNDA:1,(anonymous_6)
FNDA:3,(anonymous_7)
FNDA:3,(anonymous_8)
FNDA:3,(anonymous_9)
FNDA:2,(anonymous_10)
FNDA:2,(anonymous_11)
FNDA:2,(anonymous_12)
FNDA:2,(anonymous_13)
FNDA:2,(anonymous_14)
FNDA:2,(anonymous_15)
FNDA:4,(anonymous_16)
FNDA:4,(anonymous_17)
FNDA:2,(anonymous_18)
DA:2,4
DA:3,4
DA:6,4
DA:9,4
DA:15,2
DA:25,2
DA:26,2
DA:27,2
DA:32,4
DA:34,2
DA:35,2
DA:40,2
DA:42,2
DA:43,0
DA:47,2
DA:48,1
DA:52,1
DA:57,4
DA:59,1
DA:62,1
DA:64,1
DA:65,0
DA:68,1
DA:70,1
DA:71,1
DA:75,1
DA:80,4
DA:82,3
DA:86,3
DA:87,3
DA:90,3
DA:92,3
DA:93,0
DA:95,3
DA:98,3
DA:100,3
DA:101,0
DA:102,3
DA:104,0
DA:107,3
DA:108,1
DA:112,2
DA:114,2
DA:115,0
DA:119,2
DA:122,2
DA:123,2
DA:126,2
DA:136,4
DA:138,2
DA:139,2
DA:144,2
DA:146,2
DA:147,0
DA:151,2
DA:152,1
DA:156,1
DA:157,1
DA:160,1
DA:165,4
DA:167,2
DA:168,2
DA:169,2
DA:170,2
DA:172,2
DA:175,2
DA:177,2
DA:178,0
DA:182,2
DA:183,0
DA:186,2
DA:189,2
DA:191,2
DA:192,0
DA:196,2
DA:197,1
DA:201,1
DA:202,1
DA:203,1
DA:206,1
DA:212,4
DA:214,4
DA:215,4
DA:216,4
DA:217,4
DA:220,4
DA:222,4
DA:223,0
DA:227,4
DA:228,1
DA:232,3
DA:233,1
DA:238,2
DA:239,2
DA:242,2
DA:243,2
DA:244,2
DA:246,2
DA:249,2
DA:251,2
DA:252,0
DA:256,2
DA:257,0
DA:261,2
DA:263,2
DA:264,2
DA:267,2
DA:272,4
LF:108
LH:95
BRDA:26,0,0,0
BRDA:26,0,1,2
BRDA:42,1,0,0
BRDA:42,1,1,2
BRDA:47,2,0,1
BRDA:47,2,1,1
BRDA:64,3,0,0
BRDA:64,3,1,1
BRDA:92,4,0,0
BRDA:92,4,1,3
BRDA:100,5,0,0
BRDA:100,5,1,3
BRDA:102,6,0,0
BRDA:102,6,1,3
BRDA:107,7,0,1
BRDA:107,7,1,2
BRDA:107,8,0,3
BRDA:107,8,1,3
BRDA:114,9,0,0
BRDA:114,9,1,2
BRDA:146,10,0,0
BRDA:146,10,1,2
BRDA:151,11,0,1
BRDA:151,11,1,1
BRDA:177,12,0,0
BRDA:177,12,1,2
BRDA:182,13,0,0
BRDA:182,13,1,2
BRDA:191,14,0,0
BRDA:191,14,1,2
BRDA:196,15,0,1
BRDA:196,15,1,1
BRDA:196,16,0,2
BRDA:196,16,1,2
BRDA:222,17,0,0
BRDA:222,17,1,4
BRDA:227,18,0,1
BRDA:227,18,1,3
BRDA:232,19,0,1
BRDA:232,19,1,2
BRDA:232,20,0,3
BRDA:232,20,1,2
BRDA:232,20,2,2
BRDA:239,21,0,1
BRDA:239,21,1,1
BRDA:251,22,0,0
BRDA:251,22,1,2
BRDA:256,23,0,0
BRDA:256,23,1,2
BRF:49
BRH:35
end_of_record
TN:
SF:server/controllers/post.js
FN:9,(anonymous_0)
FN:33,(anonymous_1)
FN:40,(anonymous_2)
FN:45,(anonymous_3)
FN:53,(anonymous_4)
FN:63,(anonymous_5)
FN:71,(anonymous_6)
FN:88,(anonymous_7)
FN:101,(anonymous_8)
FN:112,(anonymous_9)
FN:122,(anonymous_10)
FN:143,(anonymous_11)
FN:151,(anonymous_12)
FN:179,(anonymous_13)
FN:199,(anonymous_14)
FN:211,(anonymous_15)
FN:240,(anonymous_16)
FN:256,(anonymous_17)
FN:272,(anonymous_18)
FNF:19
FNH:19
FNDA:3,(anonymous_0)
FNDA:2,(anonymous_1)
FNDA:1,(anonymous_2)
FNDA:1,(anonymous_3)
FNDA:6,(anonymous_4)
FNDA:2,(anonymous_5)
FNDA:2,(anonymous_6)
FNDA:2,(anonymous_7)
FNDA:1,(anonymous_8)
FNDA:2,(anonymous_9)
FNDA:2,(anonymous_10)
FNDA:4,(anonymous_11)
FNDA:4,(anonymous_12)
FNDA:2,(anonymous_13)
FNDA:2,(anonymous_14)
FNDA:2,(anonymous_15)
FNDA:2,(anonymous_16)
FNDA:1,(anonymous_17)
FNDA:3,(anonymous_18)
DA:2,4
DA:3,4
DA:6,4
DA:9,4
DA:11,3
DA:12,3
DA:14,3
DA:17,3
DA:18,1
DA:21,2
DA:33,2
DA:34,2
DA:35,2
DA:40,4
DA:42,1
DA:45,1
DA:47,1
DA:48,0
DA:51,1
DA:53,1
DA:54,6
DA:58,1
DA:63,4
DA:65,2
DA:66,2
DA:68,2
DA:71,2
DA:73,2
DA:74,0
DA:78,2
DA:79,1
DA:83,1
DA:88,4
DA:90,2
DA:91,2
DA:92,2
DA:95,2
DA:98,2
DA:101,1
DA:103,1
DA:104,0
DA:107,1
DA:112,4
DA:114,2
DA:115,2
DA:117,2
DA:119,2
DA:122,2
DA:124,2
DA:125,0
DA:129,2
DA:130,1
DA:134,1
DA:135,1
DA:138,1
DA:143,4
DA:145,4
DA:146,4
DA:147,4
DA:148,4
DA:151,4
DA:152,4
DA:153,0
DA:157,4
DA:158,1
DA:162,3
DA:163,1
DA:168,2
DA:169,2
DA:172,2
DA:173,2
DA:174,2
DA:176,2
DA:179,2
DA:180,2
DA:181,0
DA:183,2
DA:184,0
DA:187,2
DA:189,2
DA:190,2
DA:193,2
DA:199,4
DA:201,2
DA:202,2
DA:203,2
DA:204,2
DA:205,2
DA:206,2
DA:208,2
DA:211,2
DA:213,2
DA:214,0
DA:218,2
DA:219,1
DA:223,1
DA:224,0
DA:227,1
DA:228,1
DA:229,1
DA:230,1
DA:232,1
DA:235,1
DA:240,4
DA:242,2
DA:243,2
DA:245,2
DA:248,2
DA:251,2
DA:252,1
DA:256,1
DA:258,1
DA:259,0
DA:263,1
DA:264,1
DA:267,1
DA:272,4
DA:274,3
DA:275,3
DA:278,3
DA:279,3
DA:282,3
DA:283,1
DA:287,2
DA:288,2
DA:291,2
DA:292,0
DA:296,2
DA:297,2
DA:300,2
DA:301,2
DA:304,2
DA:306,2
DA:309,2
DA:312,4
LF:135
LH:124
BRDA:17,0,0,1
BRDA:17,0,1,2
BRDA:17,1,0,3
BRDA:17,1,1,3
BRDA:25,2,0,0
BRDA:25,2,1,2
BRDA:26,3,0,0
BRDA:26,3,1,2
BRDA:34,4,0,0
BRDA:34,4,1,2
BRDA:47,5,0,0
BRDA:47,5,1,1
BRDA:73,6,0,0
BRDA:73,6,1,2
BRDA:78,7,0,1
BRDA:78,7,1,1
BRDA:98,8,0,1
BRDA:98,8,1,1
BRDA:103,9,0,0
BRDA:103,9,1,1
BRDA:124,10,0,0
BRDA:124,10,1,2
BRDA:129,11,0,1
BRDA:129,11,1,1
BRDA:152,12,0,0
BRDA:152,12,1,4
BRDA:157,13,0,1
BRDA:157,13,1,3
BRDA:157,14,0,4
BRDA:157,14,1,3
BRDA:157,14,2,3
BRDA:162,15,0,1
BRDA:162,15,1,2
BRDA:169,16,0,1
BRDA:169,16,1,1
BRDA:180,17,0,0
BRDA:180,17,1,2
BRDA:183,18,0,0
BRDA:183,18,1,2
BRDA:213,19,0,0
BRDA:213,19,1,2
BRDA:218,20,0,1
BRDA:218,20,1,1
BRDA:223,21,0,0
BRDA:223,21,1,1
BRDA:251,22,0,1
BRDA:251,22,1,1
BRDA:258,23,0,0
BRDA:258,23,1,1
BRDA:263,24,0,1
BRDA:263,24,1,0
BRDA:282,25,0,1
BRDA:282,25,1,2
BRDA:291,26,0,0
BRDA:291,26,1,2
BRDA:291,27,0,2
BRDA:291,27,1,2
BRF:57
BRH:42
end_of_record
TN:
SF:server/controllers/upload.js
FN:5,(anonymous_0)
FN:15,(anonymous_1)
FNF:2
FNH:0
FNDA:0,(anonymous_0)
FNDA:0,(anonymous_1)
DA:3,4
DA:5,4
DA:6,0
DA:8,0
DA:9,0
DA:12,0
DA:13,0
DA:15,0
DA:16,0
DA:17,0
DA:18,0
DA:20,0
DA:24,4
LF:13
LH:3
BRDA:8,0,0,0
BRDA:8,0,1,0
BRDA:16,1,0,0
BRDA:16,1,1,0
BRF:4
BRH:0
end_of_record
TN:
SF:server/controllers/utente.js
FN:15,(anonymous_0)
FN:56,(anonymous_1)
FN:68,(anonymous_2)
FN:75,(anonymous_3)
FN:92,(anonymous_4)
FN:97,(anonymous_5)
FN:103,(anonymous_6)
FN:114,(anonymous_7)
FN:130,(anonymous_8)
FN:139,(anonymous_9)
FN:171,(anonymous_10)
FN:179,(anonymous_11)
FN:193,(anonymous_12)
FN:209,(anonymous_13)
FN:218,(anonymous_14)
FN:237,(anonymous_15)
FN:265,(anonymous_16)
FN:284,(anonymous_17)
FNF:18
FNH:18
FNDA:7,(anonymous_0)
FNDA:3,(anonymous_1)
FNDA:2,(anonymous_2)
FNDA:2,(anonymous_3)
FNDA:1,(anonymous_4)
FNDA:1,(anonymous_5)
FNDA:7,(anonymous_6)
FNDA:3,(anonymous_7)
FNDA:1,(anonymous_8)
FNDA:3,(anonymous_9)
FNDA:50,(anonymous_10)
FNDA:50,(anonymous_11)
FNDA:47,(anonymous_12)
FNDA:10,(anonymous_13)
FNDA:2,(anonymous_14)
FNDA:2,(anonymous_15)
FNDA:2,(anonymous_16)
FNDA:2,(anonymous_17)
DA:2,4
DA:3,4
DA:4,4
DA:5,4
DA:8,4
DA:9,4
DA:10,4
DA:11,4
DA:12,4
DA:15,4
DA:17,7
DA:20,7
DA:23,7
DA:26,7
DA:27,1
DA:29,6
DA:30,1
DA:32,5
DA:33,1
DA:37,4
DA:38,3
DA:53,3
DA:56,3
DA:57,3
DA:58,3
DA:63,1
DA:68,4
DA:70,2
DA:72,2
DA:75,2
DA:78,2
DA:79,1
DA:82,1
DA:83,0
DA:86,1
DA:92,4
DA:94,1
DA:97,1
DA:99,1
DA:100,0
DA:102,1
DA:103,1
DA:104,7
DA:108,1
DA:114,4
DA:116,3
DA:117,3
DA:120,3
DA:121,3
DA:124,3
DA:126,2
DA:129,2
DA:130,1
DA:132,2
DA:135,2
DA:139,4
DA:141,3
DA:142,3
DA:145,3
DA:146,3
DA:149,3
DA:150,0
DA:151,0
DA:155,3
DA:156,3
DA:159,3
DA:160,3
DA:163,3
DA:164,3
DA:165,3
DA:167,3
DA:171,4
DA:173,50
DA:174,50
DA:176,50
DA:179,50
DA:181,50
DA:182,0
DA:185,50
DA:188,50
DA:189,3
DA:193,47
DA:196,47
DA:197,46
DA:199,46
DA:203,1
DA:209,4
DA:212,10
DA:214,10
DA:218,4
DA:220,2
DA:221,2
DA:224,2
DA:225,1
DA:229,1
DA:230,1
DA:233,1
DA:237,4
DA:240,2
DA:241,1
DA:245,1
DA:247,1
DA:250,1
DA:251,1
DA:258,1
DA:259,1
DA:261,1
DA:265,4
DA:267,2
DA:268,2
DA:271,2
DA:272,1
DA:276,1
DA:277,1
DA:280,1
DA:284,4
DA:286,2
DA:287,2
DA:290,2
DA:291,1
DA:295,1
DA:296,1
DA:299,1
DA:302,4
LF:124
LH:119
BRDA:26,0,0,1
BRDA:26,0,1,6
BRDA:29,1,0,1
BRDA:29,1,1,5
BRDA:32,2,0,1
BRDA:32,2,1,4
BRDA:37,3,0,3
BRDA:37,3,1,1
BRDA:57,4,0,0
BRDA:57,4,1,3
BRDA:78,5,0,1
BRDA:78,5,1,1
BRDA:82,6,0,0
BRDA:82,6,1,1
BRDA:99,7,0,0
BRDA:99,7,1,1
BRDA:124,8,0,1
BRDA:124,8,1,2
BRDA:129,9,0,1
BRDA:129,9,1,1
BRDA:149,10,0,0
BRDA:149,10,1,3
BRDA:149,11,0,3
BRDA:149,11,1,3
BRDA:181,12,0,0
BRDA:181,12,1,50
BRDA:188,13,0,3
BRDA:188,13,1,47
BRDA:196,14,0,46
BRDA:196,14,1,1
BRDA:224,15,0,1
BRDA:224,15,1,1
BRDA:240,16,0,1
BRDA:240,16,1,1
BRDA:271,17,0,1
BRDA:271,17,1,1
BRDA:271,18,0,2
BRDA:271,18,1,2
BRDA:271,18,2,2
BRDA:290,19,0,1
BRDA:290,19,1,1
BRDA:290,20,0,2
BRDA:290,20,1,1
BRF:43
BRH:38
end_of_record
TN:
SF:server/middleware/auth.js
FN:7,(anonymous_0)
FNF:1
FNH:1
FNDA:59,(anonymous_0)
DA:3,4
DA:4,4
DA:7,4
DA:8,59
DA:11,59
DA:14,59
DA:16,58
DA:18,58
DA:19,56
DA:20,56
DA:23,2
DA:25,56
DA:28,4
LF:13
LH:13
BRDA:14,0,0,1
BRDA:14,0,1,58
BRF:2
BRH:2
end_of_record
TN:
SF:server/middleware/refreshToken.js
FN:8,(anonymous_0)
FNF:1
FNH:1
FNDA:138,(anonymous_0)
DA:3,4
DA:4,4
DA:5,4
DA:8,4
DA:9,138
DA:12,138
DA:15,138
DA:16,82
DA:19,56
DA:21,56
DA:23,56
DA:26,0
DA:29,56
DA:32,4
LF:14
LH:13
BRDA:15,0,0,82
BRDA:15,0,1,56
BRF:2
BRH:2
end_of_record
TN:
SF:server/models/commento_post.js
FNF:0
FNH:0
DA:3,4
DA:5,4
DA:16,4
DA:17,4
LF:4
LH:4
BRF:0
BRH:0
end_of_record
TN:
SF:server/models/commento_profilo.js
FNF:0
FNH:0
DA:3,4
DA:5,4
DA:17,4
DA:18,4
LF:4
LH:4
BRF:0
BRH:0
end_of_record
TN:
SF:server/models/post.js
FNF:0
FNH:0
DA:3,4
DA:5,4
DA:20,4
DA:21,4
LF:4
LH:4
BRF:0
BRH:0
end_of_record
TN:
SF:server/models/utente.js
FNF:0
FNH:0
DA:3,4
DA:5,4
DA:23,4
DA:24,4
LF:4
LH:4
BRF:0
BRH:0
end_of_record
TN:
SF:server/routes/commento_post.js
FNF:0
FNH:0
DA:1,4
DA:2,4
DA:3,4
DA:5,4
DA:6,4
DA:11,4
DA:12,4
DA:15,4
DA:18,4
DA:19,4
DA:20,4
DA:23,4
DA:25,4
LF:13
LH:13
BRF:0
BRH:0
end_of_record
TN:
SF:server/routes/commento_profilo.js
FNF:0
FNH:0
DA:1,4
DA:2,4
DA:3,4
DA:5,4
DA:6,4
DA:11,4
DA:12,4
DA:15,4
DA:18,4
DA:19,4
DA:20,4
DA:23,4
DA:25,4
LF:13
LH:13
BRF:0
BRH:0
end_of_record
TN:
SF:server/routes/post.js
FNF:0
FNH:0
DA:1,4
DA:2,4
DA:3,4
DA:5,4
DA:6,4
DA:11,4
DA:12,4
DA:13,4
DA:16,4
DA:19,4
DA:20,4
DA:21,4
DA:22,4
DA:25,4
DA:27,4
LF:15
LH:15
BRF:0
BRH:0
end_of_record
TN:
SF:server/routes/upload.js
FNF:0
FNH:0
DA:1,4
DA:2,4
DA:4,4
DA:5,4
DA:10,4
DA:12,4
LF:6
LH:6
BRF:0
BRH:0
end_of_record
TN:
SF:server/routes/utente.js
FNF:0
FNH:0
DA:1,4
DA:2,4
DA:3,4
DA:5,4
DA:6,4
DA:11,4
DA:12,4
DA:15,4
DA:18,4
DA:19,4
DA:20,4
DA:21,4
DA:22,4
DA:23,4
DA:24,4
DA:27,4
DA:29,4
LF:17
LH:17
BRF:0
BRH:0
end_of_record
TN:
SF:server/util/textRequirements.js
FN:4,(anonymous_0)
FN:22,(anonymous_1)
FN:59,(anonymous_2)
FN:72,(anonymous_3)
FN:94,(anonymous_4)
FNF:5
FNH:4
FNDA:99,(anonymous_0)
FNDA:7,(anonymous_1)
FNDA:9,(anonymous_2)
FNDA:6,(anonymous_3)
FNDA:0,(anonymous_4)
DA:4,4
DA:5,99
DA:7,9
DA:9,90
DA:11,66
DA:13,24
DA:15,18
DA:18,6
DA:22,4
DA:24,7
DA:26,7
DA:27,7
DA:28,7
DA:29,7
DA:31,7
DA:33,7
DA:34,99
DA:36,9
DA:37,9
DA:39,66
DA:40,66
DA:42,18
DA:43,18
DA:45,6
DA:46,6
DA:51,7
DA:52,2
DA:55,5
DA:59,4
DA:61,9
DA:64,9
DA:65,2
DA:68,7
DA:72,4
DA:74,6
DA:75,6
DA:77,6
DA:79,6
DA:80,32
DA:81,0
DA:86,6
DA:87,1
DA:90,5
DA:94,4
DA:96,0
DA:99,4
LF:46
LH:44
BRDA:5,0,0,9
BRDA:5,0,1,90
BRDA:5,1,0,99
BRDA:5,1,1,75
BRDA:9,2,0,66
BRDA:9,2,1,24
BRDA:9,3,0,90
BRDA:9,3,1,66
BRDA:13,4,0,18
BRDA:13,4,1,6
BRDA:13,5,0,24
BRDA:13,5,1,18
BRDA:34,6,0,9
BRDA:34,6,1,66
BRDA:34,6,2,18
BRDA:34,6,3,6
BRDA:51,7,0,2
BRDA:51,7,1,5
BRDA:51,8,0,7
BRDA:51,8,1,6
BRDA:51,8,2,6
BRDA:51,8,3,6
BRDA:51,8,4,5
BRDA:64,9,0,2
BRDA:64,9,1,7
BRDA:80,10,0,0
BRDA:80,10,1,32
BRDA:80,11,0,32
BRDA:80,11,1,32
BRDA:86,12,0,1
BRDA:86,12,1,5
BRDA:86,13,0,6
BRDA:86,13,1,6
BRF:33
BRH:32
end_of_record
TN:
SF:server/util/token.js
FN:7,(anonymous_0)
FNF:1
FNH:1
FNDA:105,(anonymous_0)
DA:3,4
DA:4,4
DA:7,4
DA:9,105
DA:10,105
DA:14,105
DA:17,4
LF:7
LH:7
BRF:0
BRH:0
end_of_record
