TN:
SF:server/server.js
FN:25,connectToDatabase
FN:38,(anonymous_1)
FN:42,(anonymous_2)
FNF:3
FNH:2
FNDA:2,connectToDatabase
FNDA:0,(anonymous_1)
FNDA:2,(anonymous_2)
DA:2,2
DA:3,2
DA:4,2
DA:5,2
DA:6,2
DA:7,2
DA:8,2
DA:10,2
DA:11,2
DA:12,2
DA:15,2
DA:16,2
DA:17,2
DA:21,2
DA:22,2
DA:26,2
DA:27,2
DA:31,2
DA:33,0
DA:36,2
DA:38,2
DA:39,0
DA:42,2
DA:43,2
DA:47,2
DA:48,2
DA:49,2
DA:50,2
DA:51,2
DA:54,2
DA:55,2
DA:57,2
LF:32
LH:30
BRF:0
BRH:0
end_of_record
TN:
SF:server/controllers/commento_post.js
FN:10,(anonymous_0)
FN:25,(anonymous_1)
FN:38,(anonymous_2)
FN:47,(anonymous_3)
FN:55,(anonymous_4)
FN:73,(anonymous_5)
FN:78,(anonymous_6)
FN:86,(anonymous_7)
FN:96,(anonymous_8)
FN:106,(anonymous_9)
FN:114,(anonymous_10)
FN:125,(anonymous_11)
FN:139,(anonymous_12)
FN:159,(anonymous_13)
FN:167,(anonymous_14)
FN:188,(anonymous_15)
FN:197,(anonymous_16)
FN:206,(anonymous_17)
FN:228,(anonymous_18)
FN:236,(anonymous_19)
FN:265,(anonymous_20)
FNF:21
FNH:0
FNDA:0,(anonymous_0)
FNDA:0,(anonymous_1)
FNDA:0,(anonymous_2)
FNDA:0,(anonymous_3)
FNDA:0,(anonymous_4)
FNDA:0,(anonymous_5)
FNDA:0,(anonymous_6)
FNDA:0,(anonymous_7)
FNDA:0,(anonymous_8)
FNDA:0,(anonymous_9)
FNDA:0,(anonymous_10)
FNDA:0,(anonymous_11)
FNDA:0,(anonymous_12)
FNDA:0,(anonymous_13)
FNDA:0,(anonymous_14)
FNDA:0,(anonymous_15)
FNDA:0,(anonymous_16)
FNDA:0,(anonymous_17)
FNDA:0,(anonymous_18)
FNDA:0,(anonymous_19)
FNDA:0,(anonymous_20)
DA:2,2
DA:3,2
DA:4,2
DA:7,2
DA:10,2
DA:12,0
DA:13,0
DA:16,0
DA:25,0
DA:27,0
DA:28,0
DA:31,0
DA:32,0
DA:33,0
DA:35,0
DA:38,0
DA:39,0
DA:41,0
DA:47,2
DA:49,0
DA:50,0
DA:52,0
DA:55,0
DA:57,0
DA:58,0
DA:62,0
DA:63,0
DA:67,0
DA:68,0
DA:73,2
DA:75,0
DA:78,0
DA:80,0
DA:81,0
DA:84,0
DA:86,0
DA:87,0
DA:91,0
DA:96,2
DA:98,0
DA:100,0
DA:102,0
DA:103,0
DA:106,0
DA:108,0
DA:109,0
DA:111,0
DA:114,0
DA:116,0
DA:117,0
DA:120,0
DA:121,0
DA:125,0
DA:127,0
DA:128,0
DA:130,0
DA:132,0
DA:135,0
DA:136,0
DA:139,0
DA:141,0
DA:142,0
DA:144,0
DA:145,0
DA:149,0
DA:159,2
DA:161,0
DA:162,0
DA:164,0
DA:167,0
DA:169,0
DA:170,0
DA:174,0
DA:175,0
DA:179,0
DA:180,0
DA:183,0
DA:188,2
DA:190,0
DA:191,0
DA:192,0
DA:194,0
DA:197,0
DA:199,0
DA:200,0
DA:203,0
DA:206,0
DA:208,0
DA:209,0
DA:213,0
DA:214,0
DA:218,0
DA:219,0
DA:222,0
DA:228,2
DA:230,0
DA:231,0
DA:232,0
DA:233,0
DA:236,0
DA:238,0
DA:239,0
DA:243,0
DA:244,0
DA:248,0
DA:249,0
DA:254,0
DA:255,0
DA:258,0
DA:259,0
DA:260,0
DA:262,0
DA:265,0
DA:266,0
DA:267,0
DA:271,0
DA:272,0
DA:276,0
DA:278,0
DA:279,0
DA:282,0
DA:287,2
LF:122
LH:12
BRDA:27,0,0,0
BRDA:27,0,1,0
BRDA:39,1,0,0
BRDA:39,1,1,0
BRDA:57,2,0,0
BRDA:57,2,1,0
BRDA:62,3,0,0
BRDA:62,3,1,0
BRDA:80,4,0,0
BRDA:80,4,1,0
BRDA:108,5,0,0
BRDA:108,5,1,0
BRDA:116,6,0,0
BRDA:116,6,1,0
BRDA:120,7,0,0
BRDA:120,7,1,0
BRDA:120,8,0,0
BRDA:120,8,1,0
BRDA:127,9,0,0
BRDA:127,9,1,0
BRDA:141,10,0,0
BRDA:141,10,1,0
BRDA:169,11,0,0
BRDA:169,11,1,0
BRDA:174,12,0,0
BRDA:174,12,1,0
BRDA:199,13,0,0
BRDA:199,13,1,0
BRDA:208,14,0,0
BRDA:208,14,1,0
BRDA:213,15,0,0
BRDA:213,15,1,0
BRDA:213,16,0,0
BRDA:213,16,1,0
BRDA:238,17,0,0
BRDA:238,17,1,0
BRDA:243,18,0,0
BRDA:243,18,1,0
BRDA:248,19,0,0
BRDA:248,19,1,0
BRDA:248,20,0,0
BRDA:248,20,1,0
BRDA:248,20,2,0
BRDA:255,21,0,0
BRDA:255,21,1,0
BRDA:266,22,0,0
BRDA:266,22,1,0
BRDA:271,23,0,0
BRDA:271,23,1,0
BRF:49
BRH:0
end_of_record
TN:
SF:server/controllers/commento_profilo.js
FN:9,(anonymous_0)
FN:25,(anonymous_1)
FN:32,(anonymous_2)
FN:40,(anonymous_3)
FN:57,(anonymous_4)
FN:62,(anonymous_5)
FN:70,(anonymous_6)
FN:80,(anonymous_7)
FN:90,(anonymous_8)
FN:98,(anonymous_9)
FN:112,(anonymous_10)
FN:136,(anonymous_11)
FN:144,(anonymous_12)
FN:165,(anonymous_13)
FN:175,(anonymous_14)
FN:189,(anonymous_15)
FN:212,(anonymous_16)
FN:220,(anonymous_17)
FN:249,(anonymous_18)
FNF:19
FNH:0
FNDA:0,(anonymous_0)
FNDA:0,(anonymous_1)
FNDA:0,(anonymous_2)
FNDA:0,(anonymous_3)
FNDA:0,(anonymous_4)
FNDA:0,(anonymous_5)
FNDA:0,(anonymous_6)
FNDA:0,(anonymous_7)
FNDA:0,(anonymous_8)
FNDA:0,(anonymous_9)
FNDA:0,(anonymous_10)
FNDA:0,(anonymous_11)
FNDA:0,(anonymous_12)
FNDA:0,(anonymous_13)
FNDA:0,(anonymous_14)
FNDA:0,(anonymous_15)
FNDA:0,(anonymous_16)
FNDA:0,(anonymous_17)
FNDA:0,(anonymous_18)
DA:2,2
DA:3,2
DA:6,2
DA:9,2
DA:15,0
DA:25,0
DA:26,0
DA:27,0
DA:32,2
DA:34,0
DA:35,0
DA:40,0
DA:42,0
DA:43,0
DA:47,0
DA:48,0
DA:52,0
DA:57,2
DA:59,0
DA:62,0
DA:64,0
DA:65,0
DA:68,0
DA:70,0
DA:71,0
DA:75,0
DA:80,2
DA:82,0
DA:86,0
DA:87,0
DA:90,0
DA:92,0
DA:93,0
DA:95,0
DA:98,0
DA:100,0
DA:101,0
DA:102,0
DA:104,0
DA:107,0
DA:108,0
DA:112,0
DA:114,0
DA:115,0
DA:119,0
DA:122,0
DA:123,0
DA:126,0
DA:136,2
DA:138,0
DA:139,0
DA:144,0
DA:146,0
DA:147,0
DA:151,0
DA:152,0
DA:156,0
DA:157,0
DA:160,0
DA:165,2
DA:167,0
DA:168,0
DA:169,0
DA:170,0
DA:172,0
DA:175,0
DA:177,0
DA:178,0
DA:182,0
DA:183,0
DA:186,0
DA:189,0
DA:191,0
DA:192,0
DA:196,0
DA:197,0
DA:201,0
DA:202,0
DA:203,0
DA:206,0
DA:212,2
DA:214,0
DA:215,0
DA:216,0
DA:217,0
DA:220,0
DA:222,0
DA:223,0
DA:227,0
DA:228,0
DA:232,0
DA:233,0
DA:238,0
DA:239,0
DA:242,0
DA:243,0
DA:244,0
DA:246,0
DA:249,0
DA:251,0
DA:252,0
DA:256,0
DA:257,0
DA:261,0
DA:263,0
DA:264,0
DA:267,0
DA:272,2
LF:108
LH:11
BRDA:26,0,0,0
BRDA:26,0,1,0
BRDA:42,1,0,0
BRDA:42,1,1,0
BRDA:47,2,0,0
BRDA:47,2,1,0
BRDA:64,3,0,0
BRDA:64,3,1,0
BRDA:92,4,0,0
BRDA:92,4,1,0
BRDA:100,5,0,0
BRDA:100,5,1,0
BRDA:102,6,0,0
BRDA:102,6,1,0
BRDA:107,7,0,0
BRDA:107,7,1,0
BRDA:107,8,0,0
BRDA:107,8,1,0
BRDA:114,9,0,0
BRDA:114,9,1,0
BRDA:146,10,0,0
BRDA:146,10,1,0
BRDA:151,11,0,0
BRDA:151,11,1,0
BRDA:177,12,0,0
BRDA:177,12,1,0
BRDA:182,13,0,0
BRDA:182,13,1,0
BRDA:191,14,0,0
BRDA:191,14,1,0
BRDA:196,15,0,0
BRDA:196,15,1,0
BRDA:196,16,0,0
BRDA:196,16,1,0
BRDA:222,17,0,0
BRDA:222,17,1,0
BRDA:227,18,0,0
BRDA:227,18,1,0
BRDA:232,19,0,0
BRDA:232,19,1,0
BRDA:232,20,0,0
BRDA:232,20,1,0
BRDA:232,20,2,0
BRDA:239,21,0,0
BRDA:239,21,1,0
BRDA:251,22,0,0
BRDA:251,22,1,0
BRDA:256,23,0,0
BRDA:256,23,1,0
BRF:49
BRH:0
end_of_record
TN:
SF:server/controllers/post.js
FN:9,(anonymous_0)
FN:33,(anonymous_1)
FN:40,(anonymous_2)
FN:45,(anonymous_3)
FN:53,(anonymous_4)
FN:63,(anonymous_5)
FN:71,(anonymous_6)
FN:88,(anonymous_7)
FN:101,(anonymous_8)
FN:112,(anonymous_9)
FN:122,(anonymous_10)
FN:143,(anonymous_11)
FN:151,(anonymous_12)
FN:179,(anonymous_13)
FN:199,(anonymous_14)
FN:211,(anonymous_15)
FN:240,(anonymous_16)
FN:256,(anonymous_17)
FN:272,(anonymous_18)
FNF:19
FNH:19
FNDA:3,(anonymous_0)
FNDA:2,(anonymous_1)
FNDA:1,(anonymous_2)
FNDA:1,(anonymous_3)
FNDA:46,(anonymous_4)
FNDA:2,(anonymous_5)
FNDA:2,(anonymous_6)
FNDA:2,(anonymous_7)
FNDA:1,(anonymous_8)
FNDA:2,(anonymous_9)
FNDA:2,(anonymous_10)
FNDA:4,(anonymous_11)
FNDA:4,(anonymous_12)
FNDA:2,(anonymous_13)
FNDA:2,(anonymous_14)
FNDA:2,(anonymous_15)
FNDA:2,(anonymous_16)
FNDA:1,(anonymous_17)
FNDA:2,(anonymous_18)
DA:2,2
DA:3,2
DA:6,2
DA:9,2
DA:11,3
DA:12,3
DA:14,3
DA:17,3
DA:18,1
DA:21,2
DA:33,2
DA:34,2
DA:35,2
DA:40,2
DA:42,1
DA:45,1
DA:47,1
DA:48,0
DA:51,1
DA:53,1
DA:54,46
DA:58,1
DA:63,2
DA:65,2
DA:66,2
DA:68,2
DA:71,2
DA:73,2
DA:74,0
DA:78,2
DA:79,1
DA:83,1
DA:88,2
DA:90,2
DA:91,2
DA:92,2
DA:95,2
DA:98,2
DA:101,1
DA:103,1
DA:104,0
DA:107,1
DA:112,2
DA:114,2
DA:115,2
DA:117,2
DA:119,2
DA:122,2
DA:124,2
DA:125,0
DA:129,2
DA:130,1
DA:134,1
DA:135,1
DA:138,1
DA:143,2
DA:145,4
DA:146,4
DA:147,4
DA:148,4
DA:151,4
DA:152,4
DA:153,0
DA:157,4
DA:158,1
DA:162,3
DA:163,1
DA:168,2
DA:169,2
DA:172,2
DA:173,2
DA:174,2
DA:176,2
DA:179,2
DA:180,2
DA:181,0
DA:183,2
DA:184,0
DA:187,2
DA:189,2
DA:190,2
DA:193,2
DA:199,2
DA:201,2
DA:202,2
DA:203,2
DA:204,2
DA:205,2
DA:206,2
DA:208,2
DA:211,2
DA:213,2
DA:214,0
DA:218,2
DA:219,1
DA:223,1
DA:224,0
DA:227,1
DA:228,1
DA:229,1
DA:230,1
DA:232,1
DA:235,1
DA:240,2
DA:242,2
DA:243,2
DA:245,2
DA:248,2
DA:251,2
DA:252,1
DA:256,1
DA:258,1
DA:259,0
DA:263,1
DA:264,1
DA:267,1
DA:272,2
DA:274,2
DA:275,2
DA:278,2
DA:279,2
DA:282,2
DA:283,1
DA:287,1
DA:288,1
DA:291,1
DA:292,0
DA:296,1
DA:297,1
DA:300,1
DA:301,1
DA:304,1
DA:306,1
DA:309,1
DA:312,2
LF:135
LH:124
BRDA:17,0,0,1
BRDA:17,0,1,2
BRDA:17,1,0,3
BRDA:17,1,1,3
BRDA:25,2,0,0
BRDA:25,2,1,2
BRDA:26,3,0,0
BRDA:26,3,1,2
BRDA:34,4,0,0
BRDA:34,4,1,2
BRDA:47,5,0,0
BRDA:47,5,1,1
BRDA:73,6,0,0
BRDA:73,6,1,2
BRDA:78,7,0,1
BRDA:78,7,1,1
BRDA:98,8,0,1
BRDA:98,8,1,1
BRDA:103,9,0,0
BRDA:103,9,1,1
BRDA:124,10,0,0
BRDA:124,10,1,2
BRDA:129,11,0,1
BRDA:129,11,1,1
BRDA:152,12,0,0
BRDA:152,12,1,4
BRDA:157,13,0,1
BRDA:157,13,1,3
BRDA:157,14,0,4
BRDA:157,14,1,3
BRDA:157,14,2,3
BRDA:162,15,0,1
BRDA:162,15,1,2
BRDA:169,16,0,1
BRDA:169,16,1,1
BRDA:180,17,0,0
BRDA:180,17,1,2
BRDA:183,18,0,0
BRDA:183,18,1,2
BRDA:213,19,0,0
BRDA:213,19,1,2
BRDA:218,20,0,1
BRDA:218,20,1,1
BRDA:223,21,0,0
BRDA:223,21,1,1
BRDA:251,22,0,1
BRDA:251,22,1,1
BRDA:258,23,0,0
BRDA:258,23,1,1
BRDA:263,24,0,1
BRDA:263,24,1,0
BRDA:282,25,0,1
BRDA:282,25,1,1
BRDA:291,26,0,0
BRDA:291,26,1,1
BRDA:291,27,0,1
BRDA:291,27,1,1
BRF:57
BRH:42
end_of_record
TN:
SF:server/controllers/upload.js
FN:5,(anonymous_0)
FN:15,(anonymous_1)
FNF:2
FNH:0
FNDA:0,(anonymous_0)
FNDA:0,(anonymous_1)
DA:3,2
DA:5,2
DA:6,0
DA:8,0
DA:9,0
DA:12,0
DA:13,0
DA:15,0
DA:16,0
DA:17,0
DA:18,0
DA:20,0
DA:24,2
LF:13
LH:3
BRDA:8,0,0,0
BRDA:8,0,1,0
BRDA:16,1,0,0
BRDA:16,1,1,0
BRF:4
BRH:0
end_of_record
TN:
SF:server/controllers/utente.js
FN:15,(anonymous_0)
FN:56,(anonymous_1)
FN:68,(anonymous_2)
FN:75,(anonymous_3)
FN:92,(anonymous_4)
FN:97,(anonymous_5)
FN:103,(anonymous_6)
FN:114,(anonymous_7)
FN:130,(anonymous_8)
FN:139,(anonymous_9)
FN:171,(anonymous_10)
FN:179,(anonymous_11)
FN:193,(anonymous_12)
FN:209,(anonymous_13)
FN:218,(anonymous_14)
FN:237,(anonymous_15)
FN:265,(anonymous_16)
FN:284,(anonymous_17)
FNF:18
FNH:15
FNDA:5,(anonymous_0)
FNDA:2,(anonymous_1)
FNDA:2,(anonymous_2)
FNDA:2,(anonymous_3)
FNDA:1,(anonymous_4)
FNDA:1,(anonymous_5)
FNDA:6,(anonymous_6)
FNDA:3,(anonymous_7)
FNDA:1,(anonymous_8)
FNDA:0,(anonymous_9)
FNDA:29,(anonymous_10)
FNDA:29,(anonymous_11)
FNDA:26,(anonymous_12)
FNDA:1,(anonymous_13)
FNDA:2,(anonymous_14)
FNDA:1,(anonymous_15)
FNDA:0,(anonymous_16)
FNDA:0,(anonymous_17)
DA:2,2
DA:3,2
DA:4,2
DA:5,2
DA:8,2
DA:9,2
DA:10,2
DA:11,2
DA:12,2
DA:15,2
DA:17,5
DA:20,5
DA:23,5
DA:26,5
DA:27,1
DA:29,4
DA:30,1
DA:32,3
DA:33,1
DA:37,2
DA:38,2
DA:53,2
DA:56,2
DA:57,2
DA:58,2
DA:63,0
DA:68,2
DA:70,2
DA:72,2
DA:75,2
DA:78,2
DA:79,1
DA:82,1
DA:83,0
DA:86,1
DA:92,2
DA:94,1
DA:97,1
DA:99,1
DA:100,0
DA:102,1
DA:103,1
DA:104,6
DA:108,1
DA:114,2
DA:116,3
DA:117,3
DA:120,3
DA:121,3
DA:124,3
DA:126,2
DA:129,2
DA:130,1
DA:132,2
DA:135,2
DA:139,2
DA:141,0
DA:142,0
DA:145,0
DA:146,0
DA:149,0
DA:150,0
DA:151,0
DA:155,0
DA:156,0
DA:159,0
DA:160,0
DA:163,0
DA:164,0
DA:165,0
DA:167,0
DA:171,2
DA:173,29
DA:174,29
DA:176,29
DA:179,29
DA:181,29
DA:182,0
DA:185,29
DA:188,29
DA:189,3
DA:193,26
DA:196,26
DA:197,22
DA:199,22
DA:203,4
DA:209,2
DA:212,1
DA:214,1
DA:218,2
DA:220,2
DA:221,2
DA:224,2
DA:225,1
DA:229,1
DA:230,1
DA:233,1
DA:237,2
DA:240,1
DA:241,0
DA:245,1
DA:247,1
DA:250,1
DA:251,1
DA:258,1
DA:259,1
DA:261,1
DA:265,2
DA:267,0
DA:268,0
DA:271,0
DA:272,0
DA:276,0
DA:277,0
DA:280,0
DA:284,2
DA:286,0
DA:287,0
DA:290,0
DA:291,0
DA:295,0
DA:296,0
DA:299,0
DA:302,2
LF:124
LH:90
BRDA:26,0,0,1
BRDA:26,0,1,4
BRDA:29,1,0,1
BRDA:29,1,1,3
BRDA:32,2,0,1
BRDA:32,2,1,2
BRDA:37,3,0,2
BRDA:37,3,1,0
BRDA:57,4,0,0
BRDA:57,4,1,2
BRDA:78,5,0,1
BRDA:78,5,1,1
BRDA:82,6,0,0
BRDA:82,6,1,1
BRDA:99,7,0,0
BRDA:99,7,1,1
BRDA:124,8,0,1
BRDA:124,8,1,2
BRDA:129,9,0,1
BRDA:129,9,1,1
BRDA:149,10,0,0
BRDA:149,10,1,0
BRDA:149,11,0,0
BRDA:149,11,1,0
BRDA:181,12,0,0
BRDA:181,12,1,29
BRDA:188,13,0,3
BRDA:188,13,1,26
BRDA:196,14,0,22
BRDA:196,14,1,4
BRDA:224,15,0,1
BRDA:224,15,1,1
BRDA:240,16,0,0
BRDA:240,16,1,1
BRDA:271,17,0,0
BRDA:271,17,1,0
BRDA:271,18,0,0
BRDA:271,18,1,0
BRDA:271,18,2,0
BRDA:290,19,0,0
BRDA:290,19,1,0
BRDA:290,20,0,0
BRDA:290,20,1,0
BRF:43
BRH:24
end_of_record
TN:
SF:server/middleware/auth.js
FN:7,(anonymous_0)
FNF:1
FNH:1
FNDA:28,(anonymous_0)
DA:3,2
DA:4,2
DA:7,2
DA:8,28
DA:11,28
DA:14,28
DA:16,26
DA:18,26
DA:19,21
DA:20,21
DA:23,5
DA:25,21
DA:28,2
LF:13
LH:13
BRDA:14,0,0,2
BRDA:14,0,1,26
BRF:2
BRH:2
end_of_record
TN:
SF:server/middleware/refreshToken.js
FN:8,(anonymous_0)
FNF:1
FNH:1
FNDA:66,(anonymous_0)
DA:3,2
DA:4,2
DA:5,2
DA:8,2
DA:9,66
DA:12,66
DA:15,66
DA:16,44
DA:19,22
DA:21,22
DA:23,22
DA:26,0
DA:29,22
DA:32,2
LF:14
LH:13
BRDA:15,0,0,44
BRDA:15,0,1,22
BRF:2
BRH:2
end_of_record
TN:
SF:server/models/commento_post.js
FNF:0
FNH:0
DA:3,2
DA:5,2
DA:16,2
DA:17,2
LF:4
LH:4
BRF:0
BRH:0
end_of_record
TN:
SF:server/models/commento_profilo.js
FNF:0
FNH:0
DA:3,2
DA:5,2
DA:17,2
DA:18,2
LF:4
LH:4
BRF:0
BRH:0
end_of_record
TN:
SF:server/models/post.js
FNF:0
FNH:0
DA:3,2
DA:5,2
DA:20,2
DA:21,2
LF:4
LH:4
BRF:0
BRH:0
end_of_record
TN:
SF:server/models/utente.js
FNF:0
FNH:0
DA:3,2
DA:5,2
DA:23,2
DA:24,2
LF:4
LH:4
BRF:0
BRH:0
end_of_record
TN:
SF:server/routes/commento_post.js
FNF:0
FNH:0
DA:1,2
DA:2,2
DA:3,2
DA:5,2
DA:6,2
DA:11,2
DA:12,2
DA:15,2
DA:18,2
DA:19,2
DA:20,2
DA:23,2
DA:25,2
LF:13
LH:13
BRF:0
BRH:0
end_of_record
TN:
SF:server/routes/commento_profilo.js
FNF:0
FNH:0
DA:1,2
DA:2,2
DA:3,2
DA:5,2
DA:6,2
DA:11,2
DA:12,2
DA:15,2
DA:18,2
DA:19,2
DA:20,2
DA:23,2
DA:25,2
LF:13
LH:13
BRF:0
BRH:0
end_of_record
TN:
SF:server/routes/post.js
FNF:0
FNH:0
DA:1,2
DA:2,2
DA:3,2
DA:5,2
DA:6,2
DA:11,2
DA:12,2
DA:13,2
DA:16,2
DA:19,2
DA:20,2
DA:21,2
DA:22,2
DA:25,2
DA:27,2
LF:15
LH:15
BRF:0
BRH:0
end_of_record
TN:
SF:server/routes/upload.js
FNF:0
FNH:0
DA:1,2
DA:2,2
DA:4,2
DA:5,2
DA:10,2
DA:12,2
LF:6
LH:6
BRF:0
BRH:0
end_of_record
TN:
SF:server/routes/utente.js
FNF:0
FNH:0
DA:1,2
DA:2,2
DA:3,2
DA:5,2
DA:6,2
DA:11,2
DA:12,2
DA:15,2
DA:18,2
DA:19,2
DA:20,2
DA:21,2
DA:22,2
DA:23,2
DA:24,2
DA:27,2
DA:29,2
LF:17
LH:17
BRF:0
BRH:0
end_of_record
TN:
SF:server/util/textRequirements.js
FN:4,(anonymous_0)
FN:22,(anonymous_1)
FN:59,(anonymous_2)
FN:72,(anonymous_3)
FN:94,(anonymous_4)
FNF:5
FNH:4
FNDA:58,(anonymous_0)
FNDA:4,(anonymous_1)
FNDA:7,(anonymous_2)
FNDA:4,(anonymous_3)
FNDA:0,(anonymous_4)
DA:4,2
DA:5,58
DA:7,7
DA:9,51
DA:11,35
DA:13,16
DA:15,12
DA:18,4
DA:22,2
DA:24,4
DA:26,4
DA:27,4
DA:28,4
DA:29,4
DA:31,4
DA:33,4
DA:34,58
DA:36,7
DA:37,7
DA:39,35
DA:40,35
DA:42,12
DA:43,12
DA:45,4
DA:46,4
DA:51,4
DA:52,1
DA:55,3
DA:59,2
DA:61,7
DA:64,7
DA:65,2
DA:68,5
DA:72,2
DA:74,4
DA:75,4
DA:77,4
DA:79,4
DA:80,22
DA:81,0
DA:86,4
DA:87,1
DA:90,3
DA:94,2
DA:96,0
DA:99,2
LF:46
LH:44
BRDA:5,0,0,7
BRDA:5,0,1,51
BRDA:5,1,0,58
BRDA:5,1,1,42
BRDA:9,2,0,35
BRDA:9,2,1,16
BRDA:9,3,0,51
BRDA:9,3,1,35
BRDA:13,4,0,12
BRDA:13,4,1,4
BRDA:13,5,0,16
BRDA:13,5,1,12
BRDA:34,6,0,7
BRDA:34,6,1,35
BRDA:34,6,2,12
BRDA:34,6,3,4
BRDA:51,7,0,1
BRDA:51,7,1,3
BRDA:51,8,0,4
BRDA:51,8,1,4
BRDA:51,8,2,4
BRDA:51,8,3,4
BRDA:51,8,4,3
BRDA:64,9,0,2
BRDA:64,9,1,5
BRDA:80,10,0,0
BRDA:80,10,1,22
BRDA:80,11,0,22
BRDA:80,11,1,22
BRDA:86,12,0,1
BRDA:86,12,1,3
BRDA:86,13,0,4
BRDA:86,13,1,4
BRF:33
BRH:32
end_of_record
TN:
SF:server/util/token.js
FN:7,(anonymous_0)
FNF:1
FNH:1
FNDA:46,(anonymous_0)
DA:3,2
DA:4,2
DA:7,2
DA:9,46
DA:10,46
DA:14,46
DA:17,2
LF:7
LH:7
BRF:0
BRH:0
end_of_record
